#-----------------------------------------------------------
# Vivado v2018.2 (64-bit)
# SW Build 2258646 on Thu Jun 14 20:03:12 MDT 2018
# IP Build 2256618 on Thu Jun 14 22:10:49 MDT 2018
# Start of session at: Wed Jun 14 15:51:55 2023
# Process ID: 9640
# Current directory: C:/Users/User/Desktop/Askisi_1a
# Command line: vivado.exe -gui_launcher_event rodinguilauncherevent5124 C:\Users\User\Desktop\Askisi_1a\Askisi_1a.xpr
# Log file: C:/Users/User/Desktop/Askisi_1a/vivado.log
# Journal file: C:/Users/User/Desktop/Askisi_1a\vivado.jou
#-----------------------------------------------------------
start_gui
open_project C:/Users/User/Desktop/Askisi_1a/Askisi_1a.xpr
Scanning sources...
Finished scanning sources
INFO: [IP_Flow 19-234] Refreshing IP repositories
INFO: [IP_Flow 19-1704] No user IP repositories specified
INFO: [IP_Flow 19-2313] Loaded Vivado IP repository 'C:/VLSI/Vivado/2018.2/data/ip'.
open_project: Time (s): cpu = 00:00:10 ; elapsed = 00:00:06 . Memory (MB): peak = 862.605 ; gain = 138.773
update_compile_order -fileset sources_1
set_property top ask1_a [current_fileset]
update_compile_order -fileset sources_1
synth_design -rtl -name rtl_1
Command: synth_design -rtl -name rtl_1
Starting synth_design
Using part: xc7z010clg400-1
Top: ask1_a
---------------------------------------------------------------------------------
Starting RTL Elaboration : Time (s): cpu = 00:00:03 ; elapsed = 00:00:02 . Memory (MB): peak = 972.641 ; gain = 79.027
---------------------------------------------------------------------------------
INFO: [Synth 8-638] synthesizing module 'ask1_a' [C:/Users/User/Desktop/Askisi_1a/Askisi_1a.srcs/sources_1/new/CSA.vhd:121]
INFO: [Synth 8-3491] module 'CSA_Tree_a' declared at 'C:/Users/User/Desktop/Askisi_1a/Askisi_1a.srcs/sources_1/new/CSA.vhd:57' bound to instance 'CAS_tree' of component 'CSA_Tree_a' [C:/Users/User/Desktop/Askisi_1a/Askisi_1a.srcs/sources_1/new/CSA.vhd:144]
INFO: [Synth 8-638] synthesizing module 'CSA_Tree_a' [C:/Users/User/Desktop/Askisi_1a/Askisi_1a.srcs/sources_1/new/CSA.vhd:65]
INFO: [Synth 8-3491] module 'CSA' declared at 'C:/Users/User/Desktop/Askisi_1a/Askisi_1a.srcs/sources_1/new/CSA.vhd:8' bound to instance 'CAS1' of component 'CSA' [C:/Users/User/Desktop/Askisi_1a/Askisi_1a.srcs/sources_1/new/CSA.vhd:88]
INFO: [Synth 8-638] synthesizing module 'CSA' [C:/Users/User/Desktop/Askisi_1a/Askisi_1a.srcs/sources_1/new/CSA.vhd:16]
INFO: [Synth 8-3491] module 'fa_clk' declared at 'C:/Users/User/Desktop/Askisi_1a/Askisi_1a.srcs/sources_1/new/FA.vhd:5' bound to instance 'fa_clk0' of component 'fa_clk' [C:/Users/User/Desktop/Askisi_1a/Askisi_1a.srcs/sources_1/new/CSA.vhd:33]
INFO: [Synth 8-638] synthesizing module 'fa_clk' [C:/Users/User/Desktop/Askisi_1a/Askisi_1a.srcs/sources_1/new/FA.vhd:11]
INFO: [Synth 8-256] done synthesizing module 'fa_clk' (1#1) [C:/Users/User/Desktop/Askisi_1a/Askisi_1a.srcs/sources_1/new/FA.vhd:11]
INFO: [Synth 8-3491] module 'fa_clk' declared at 'C:/Users/User/Desktop/Askisi_1a/Askisi_1a.srcs/sources_1/new/FA.vhd:5' bound to instance 'fa_clk1' of component 'fa_clk' [C:/Users/User/Desktop/Askisi_1a/Askisi_1a.srcs/sources_1/new/CSA.vhd:34]
INFO: [Synth 8-3491] module 'fa_clk' declared at 'C:/Users/User/Desktop/Askisi_1a/Askisi_1a.srcs/sources_1/new/FA.vhd:5' bound to instance 'fa_clk2' of component 'fa_clk' [C:/Users/User/Desktop/Askisi_1a/Askisi_1a.srcs/sources_1/new/CSA.vhd:35]
INFO: [Synth 8-3491] module 'fa_clk' declared at 'C:/Users/User/Desktop/Askisi_1a/Askisi_1a.srcs/sources_1/new/FA.vhd:5' bound to instance 'fa_clk3' of component 'fa_clk' [C:/Users/User/Desktop/Askisi_1a/Askisi_1a.srcs/sources_1/new/CSA.vhd:36]
INFO: [Synth 8-3491] module 'fa_clk' declared at 'C:/Users/User/Desktop/Askisi_1a/Askisi_1a.srcs/sources_1/new/FA.vhd:5' bound to instance 'fa_clk4' of component 'fa_clk' [C:/Users/User/Desktop/Askisi_1a/Askisi_1a.srcs/sources_1/new/CSA.vhd:37]
INFO: [Synth 8-3491] module 'fa_clk' declared at 'C:/Users/User/Desktop/Askisi_1a/Askisi_1a.srcs/sources_1/new/FA.vhd:5' bound to instance 'fa_clk5' of component 'fa_clk' [C:/Users/User/Desktop/Askisi_1a/Askisi_1a.srcs/sources_1/new/CSA.vhd:38]
INFO: [Synth 8-3491] module 'fa_clk' declared at 'C:/Users/User/Desktop/Askisi_1a/Askisi_1a.srcs/sources_1/new/FA.vhd:5' bound to instance 'fa_clk6' of component 'fa_clk' [C:/Users/User/Desktop/Askisi_1a/Askisi_1a.srcs/sources_1/new/CSA.vhd:39]
INFO: [Synth 8-3491] module 'fa_clk' declared at 'C:/Users/User/Desktop/Askisi_1a/Askisi_1a.srcs/sources_1/new/FA.vhd:5' bound to instance 'fa_clk7' of component 'fa_clk' [C:/Users/User/Desktop/Askisi_1a/Askisi_1a.srcs/sources_1/new/CSA.vhd:40]
INFO: [Synth 8-3491] module 'fa_clk' declared at 'C:/Users/User/Desktop/Askisi_1a/Askisi_1a.srcs/sources_1/new/FA.vhd:5' bound to instance 'fa_clk8' of component 'fa_clk' [C:/Users/User/Desktop/Askisi_1a/Askisi_1a.srcs/sources_1/new/CSA.vhd:41]
INFO: [Synth 8-3491] module 'fa_clk' declared at 'C:/Users/User/Desktop/Askisi_1a/Askisi_1a.srcs/sources_1/new/FA.vhd:5' bound to instance 'fa_clk9' of component 'fa_clk' [C:/Users/User/Desktop/Askisi_1a/Askisi_1a.srcs/sources_1/new/CSA.vhd:42]
INFO: [Synth 8-3491] module 'fa_clk' declared at 'C:/Users/User/Desktop/Askisi_1a/Askisi_1a.srcs/sources_1/new/FA.vhd:5' bound to instance 'fa_clk10' of component 'fa_clk' [C:/Users/User/Desktop/Askisi_1a/Askisi_1a.srcs/sources_1/new/CSA.vhd:43]
INFO: [Synth 8-3491] module 'fa_clk' declared at 'C:/Users/User/Desktop/Askisi_1a/Askisi_1a.srcs/sources_1/new/FA.vhd:5' bound to instance 'fa_clk11' of component 'fa_clk' [C:/Users/User/Desktop/Askisi_1a/Askisi_1a.srcs/sources_1/new/CSA.vhd:44]
INFO: [Synth 8-3491] module 'fa_clk' declared at 'C:/Users/User/Desktop/Askisi_1a/Askisi_1a.srcs/sources_1/new/FA.vhd:5' bound to instance 'fa_clk12' of component 'fa_clk' [C:/Users/User/Desktop/Askisi_1a/Askisi_1a.srcs/sources_1/new/CSA.vhd:45]
INFO: [Synth 8-3491] module 'fa_clk' declared at 'C:/Users/User/Desktop/Askisi_1a/Askisi_1a.srcs/sources_1/new/FA.vhd:5' bound to instance 'fa_clk13' of component 'fa_clk' [C:/Users/User/Desktop/Askisi_1a/Askisi_1a.srcs/sources_1/new/CSA.vhd:46]
INFO: [Synth 8-3491] module 'fa_clk' declared at 'C:/Users/User/Desktop/Askisi_1a/Askisi_1a.srcs/sources_1/new/FA.vhd:5' bound to instance 'fa_clk14' of component 'fa_clk' [C:/Users/User/Desktop/Askisi_1a/Askisi_1a.srcs/sources_1/new/CSA.vhd:47]
INFO: [Synth 8-3491] module 'fa_clk' declared at 'C:/Users/User/Desktop/Askisi_1a/Askisi_1a.srcs/sources_1/new/FA.vhd:5' bound to instance 'fa_clk15' of component 'fa_clk' [C:/Users/User/Desktop/Askisi_1a/Askisi_1a.srcs/sources_1/new/CSA.vhd:48]
INFO: [Synth 8-256] done synthesizing module 'CSA' (2#1) [C:/Users/User/Desktop/Askisi_1a/Askisi_1a.srcs/sources_1/new/CSA.vhd:16]
INFO: [Synth 8-3491] module 'CSA' declared at 'C:/Users/User/Desktop/Askisi_1a/Askisi_1a.srcs/sources_1/new/CSA.vhd:8' bound to instance 'CAS2' of component 'CSA' [C:/Users/User/Desktop/Askisi_1a/Askisi_1a.srcs/sources_1/new/CSA.vhd:89]
INFO: [Synth 8-3491] module 'CSA' declared at 'C:/Users/User/Desktop/Askisi_1a/Askisi_1a.srcs/sources_1/new/CSA.vhd:8' bound to instance 'CAS3' of component 'CSA' [C:/Users/User/Desktop/Askisi_1a/Askisi_1a.srcs/sources_1/new/CSA.vhd:90]
INFO: [Synth 8-3491] module 'CSA' declared at 'C:/Users/User/Desktop/Askisi_1a/Askisi_1a.srcs/sources_1/new/CSA.vhd:8' bound to instance 'CAS4' of component 'CSA' [C:/Users/User/Desktop/Askisi_1a/Askisi_1a.srcs/sources_1/new/CSA.vhd:91]
INFO: [Synth 8-3491] module 'CSA' declared at 'C:/Users/User/Desktop/Askisi_1a/Askisi_1a.srcs/sources_1/new/CSA.vhd:8' bound to instance 'CAS5' of component 'CSA' [C:/Users/User/Desktop/Askisi_1a/Askisi_1a.srcs/sources_1/new/CSA.vhd:92]
INFO: [Synth 8-3491] module 'CSA' declared at 'C:/Users/User/Desktop/Askisi_1a/Askisi_1a.srcs/sources_1/new/CSA.vhd:8' bound to instance 'CAS6' of component 'CSA' [C:/Users/User/Desktop/Askisi_1a/Askisi_1a.srcs/sources_1/new/CSA.vhd:93]
INFO: [Synth 8-3491] module 'dff_16' declared at 'C:/Users/User/Desktop/Askisi_1a/Askisi_1a.srcs/sources_1/new/dff_16.vhd:6' bound to instance 'dff_16_1' of component 'dff_16' [C:/Users/User/Desktop/Askisi_1a/Askisi_1a.srcs/sources_1/new/CSA.vhd:101]
INFO: [Synth 8-638] synthesizing module 'dff_16' [C:/Users/User/Desktop/Askisi_1a/Askisi_1a.srcs/sources_1/new/dff_16.vhd:13]
INFO: [Synth 8-256] done synthesizing module 'dff_16' (3#1) [C:/Users/User/Desktop/Askisi_1a/Askisi_1a.srcs/sources_1/new/dff_16.vhd:13]
INFO: [Synth 8-3491] module 'dff_16' declared at 'C:/Users/User/Desktop/Askisi_1a/Askisi_1a.srcs/sources_1/new/dff_16.vhd:6' bound to instance 'dff_16_2' of component 'dff_16' [C:/Users/User/Desktop/Askisi_1a/Askisi_1a.srcs/sources_1/new/CSA.vhd:102]
INFO: [Synth 8-3491] module 'dff_16' declared at 'C:/Users/User/Desktop/Askisi_1a/Askisi_1a.srcs/sources_1/new/dff_16.vhd:6' bound to instance 'dff_16_3' of component 'dff_16' [C:/Users/User/Desktop/Askisi_1a/Askisi_1a.srcs/sources_1/new/CSA.vhd:103]
INFO: [Synth 8-256] done synthesizing module 'CSA_Tree_a' (4#1) [C:/Users/User/Desktop/Askisi_1a/Askisi_1a.srcs/sources_1/new/CSA.vhd:65]
	Parameter N bound to: 16 - type: integer 
INFO: [Synth 8-3491] module 'Prefix_Adder' declared at 'C:/Users/User/Desktop/Askisi_1a/Askisi_1a.srcs/sources_1/new/Prefix_adder.vhd:223' bound to instance 'Prefix_Adder_box' of component 'Prefix_Adder' [C:/Users/User/Desktop/Askisi_1a/Askisi_1a.srcs/sources_1/new/CSA.vhd:145]
INFO: [Synth 8-638] synthesizing module 'Prefix_Adder' [C:/Users/User/Desktop/Askisi_1a/Askisi_1a.srcs/sources_1/new/Prefix_adder.vhd:235]
	Parameter N bound to: 16 - type: integer 
INFO: [Synth 8-3491] module 'HalfAdder' declared at 'C:/Users/User/Desktop/Askisi_1a/Askisi_1a.srcs/sources_1/new/Prefix_adder.vhd:176' bound to instance 'HA' of component 'HalfAdder' [C:/Users/User/Desktop/Askisi_1a/Askisi_1a.srcs/sources_1/new/Prefix_adder.vhd:256]
INFO: [Synth 8-638] synthesizing module 'HalfAdder' [C:/Users/User/Desktop/Askisi_1a/Askisi_1a.srcs/sources_1/new/Prefix_adder.vhd:183]
INFO: [Synth 8-256] done synthesizing module 'HalfAdder' (5#1) [C:/Users/User/Desktop/Askisi_1a/Askisi_1a.srcs/sources_1/new/Prefix_adder.vhd:183]
INFO: [Synth 8-3491] module 'HalfAdder' declared at 'C:/Users/User/Desktop/Askisi_1a/Askisi_1a.srcs/sources_1/new/Prefix_adder.vhd:176' bound to instance 'HA' of component 'HalfAdder' [C:/Users/User/Desktop/Askisi_1a/Askisi_1a.srcs/sources_1/new/Prefix_adder.vhd:256]
INFO: [Synth 8-3491] module 'HalfAdder' declared at 'C:/Users/User/Desktop/Askisi_1a/Askisi_1a.srcs/sources_1/new/Prefix_adder.vhd:176' bound to instance 'HA' of component 'HalfAdder' [C:/Users/User/Desktop/Askisi_1a/Askisi_1a.srcs/sources_1/new/Prefix_adder.vhd:256]
INFO: [Synth 8-3491] module 'HalfAdder' declared at 'C:/Users/User/Desktop/Askisi_1a/Askisi_1a.srcs/sources_1/new/Prefix_adder.vhd:176' bound to instance 'HA' of component 'HalfAdder' [C:/Users/User/Desktop/Askisi_1a/Askisi_1a.srcs/sources_1/new/Prefix_adder.vhd:256]
INFO: [Synth 8-3491] module 'HalfAdder' declared at 'C:/Users/User/Desktop/Askisi_1a/Askisi_1a.srcs/sources_1/new/Prefix_adder.vhd:176' bound to instance 'HA' of component 'HalfAdder' [C:/Users/User/Desktop/Askisi_1a/Askisi_1a.srcs/sources_1/new/Prefix_adder.vhd:256]
INFO: [Synth 8-3491] module 'HalfAdder' declared at 'C:/Users/User/Desktop/Askisi_1a/Askisi_1a.srcs/sources_1/new/Prefix_adder.vhd:176' bound to instance 'HA' of component 'HalfAdder' [C:/Users/User/Desktop/Askisi_1a/Askisi_1a.srcs/sources_1/new/Prefix_adder.vhd:256]
INFO: [Synth 8-3491] module 'HalfAdder' declared at 'C:/Users/User/Desktop/Askisi_1a/Askisi_1a.srcs/sources_1/new/Prefix_adder.vhd:176' bound to instance 'HA' of component 'HalfAdder' [C:/Users/User/Desktop/Askisi_1a/Askisi_1a.srcs/sources_1/new/Prefix_adder.vhd:256]
INFO: [Synth 8-3491] module 'HalfAdder' declared at 'C:/Users/User/Desktop/Askisi_1a/Askisi_1a.srcs/sources_1/new/Prefix_adder.vhd:176' bound to instance 'HA' of component 'HalfAdder' [C:/Users/User/Desktop/Askisi_1a/Askisi_1a.srcs/sources_1/new/Prefix_adder.vhd:256]
INFO: [Synth 8-3491] module 'HalfAdder' declared at 'C:/Users/User/Desktop/Askisi_1a/Askisi_1a.srcs/sources_1/new/Prefix_adder.vhd:176' bound to instance 'HA' of component 'HalfAdder' [C:/Users/User/Desktop/Askisi_1a/Askisi_1a.srcs/sources_1/new/Prefix_adder.vhd:256]
INFO: [Synth 8-3491] module 'HalfAdder' declared at 'C:/Users/User/Desktop/Askisi_1a/Askisi_1a.srcs/sources_1/new/Prefix_adder.vhd:176' bound to instance 'HA' of component 'HalfAdder' [C:/Users/User/Desktop/Askisi_1a/Askisi_1a.srcs/sources_1/new/Prefix_adder.vhd:256]
INFO: [Synth 8-3491] module 'HalfAdder' declared at 'C:/Users/User/Desktop/Askisi_1a/Askisi_1a.srcs/sources_1/new/Prefix_adder.vhd:176' bound to instance 'HA' of component 'HalfAdder' [C:/Users/User/Desktop/Askisi_1a/Askisi_1a.srcs/sources_1/new/Prefix_adder.vhd:256]
INFO: [Synth 8-3491] module 'HalfAdder' declared at 'C:/Users/User/Desktop/Askisi_1a/Askisi_1a.srcs/sources_1/new/Prefix_adder.vhd:176' bound to instance 'HA' of component 'HalfAdder' [C:/Users/User/Desktop/Askisi_1a/Askisi_1a.srcs/sources_1/new/Prefix_adder.vhd:256]
INFO: [Synth 8-3491] module 'HalfAdder' declared at 'C:/Users/User/Desktop/Askisi_1a/Askisi_1a.srcs/sources_1/new/Prefix_adder.vhd:176' bound to instance 'HA' of component 'HalfAdder' [C:/Users/User/Desktop/Askisi_1a/Askisi_1a.srcs/sources_1/new/Prefix_adder.vhd:256]
INFO: [Synth 8-3491] module 'HalfAdder' declared at 'C:/Users/User/Desktop/Askisi_1a/Askisi_1a.srcs/sources_1/new/Prefix_adder.vhd:176' bound to instance 'HA' of component 'HalfAdder' [C:/Users/User/Desktop/Askisi_1a/Askisi_1a.srcs/sources_1/new/Prefix_adder.vhd:256]
INFO: [Synth 8-3491] module 'HalfAdder' declared at 'C:/Users/User/Desktop/Askisi_1a/Askisi_1a.srcs/sources_1/new/Prefix_adder.vhd:176' bound to instance 'HA' of component 'HalfAdder' [C:/Users/User/Desktop/Askisi_1a/Askisi_1a.srcs/sources_1/new/Prefix_adder.vhd:256]
INFO: [Synth 8-3491] module 'HalfAdder' declared at 'C:/Users/User/Desktop/Askisi_1a/Askisi_1a.srcs/sources_1/new/Prefix_adder.vhd:176' bound to instance 'HA' of component 'HalfAdder' [C:/Users/User/Desktop/Askisi_1a/Askisi_1a.srcs/sources_1/new/Prefix_adder.vhd:256]
INFO: [Synth 8-3491] module 'Hashtag' declared at 'C:/Users/User/Desktop/Askisi_1a/Askisi_1a.srcs/sources_1/new/Prefix_adder.vhd:198' bound to instance 'HS' of component 'Hashtag' [C:/Users/User/Desktop/Askisi_1a/Askisi_1a.srcs/sources_1/new/Prefix_adder.vhd:261]
INFO: [Synth 8-638] synthesizing module 'Hashtag' [C:/Users/User/Desktop/Askisi_1a/Askisi_1a.srcs/sources_1/new/Prefix_adder.vhd:207]
INFO: [Synth 8-256] done synthesizing module 'Hashtag' (6#1) [C:/Users/User/Desktop/Askisi_1a/Askisi_1a.srcs/sources_1/new/Prefix_adder.vhd:207]
INFO: [Synth 8-3491] module 'Hashtag' declared at 'C:/Users/User/Desktop/Askisi_1a/Askisi_1a.srcs/sources_1/new/Prefix_adder.vhd:198' bound to instance 'HS' of component 'Hashtag' [C:/Users/User/Desktop/Askisi_1a/Askisi_1a.srcs/sources_1/new/Prefix_adder.vhd:261]
INFO: [Synth 8-3491] module 'Hashtag' declared at 'C:/Users/User/Desktop/Askisi_1a/Askisi_1a.srcs/sources_1/new/Prefix_adder.vhd:198' bound to instance 'HS' of component 'Hashtag' [C:/Users/User/Desktop/Askisi_1a/Askisi_1a.srcs/sources_1/new/Prefix_adder.vhd:261]
INFO: [Synth 8-3491] module 'Hashtag' declared at 'C:/Users/User/Desktop/Askisi_1a/Askisi_1a.srcs/sources_1/new/Prefix_adder.vhd:198' bound to instance 'HS' of component 'Hashtag' [C:/Users/User/Desktop/Askisi_1a/Askisi_1a.srcs/sources_1/new/Prefix_adder.vhd:261]
INFO: [Synth 8-3491] module 'Hashtag' declared at 'C:/Users/User/Desktop/Askisi_1a/Askisi_1a.srcs/sources_1/new/Prefix_adder.vhd:198' bound to instance 'HS' of component 'Hashtag' [C:/Users/User/Desktop/Askisi_1a/Askisi_1a.srcs/sources_1/new/Prefix_adder.vhd:261]
INFO: [Synth 8-3491] module 'Hashtag' declared at 'C:/Users/User/Desktop/Askisi_1a/Askisi_1a.srcs/sources_1/new/Prefix_adder.vhd:198' bound to instance 'HS' of component 'Hashtag' [C:/Users/User/Desktop/Askisi_1a/Askisi_1a.srcs/sources_1/new/Prefix_adder.vhd:261]
INFO: [Synth 8-3491] module 'Hashtag' declared at 'C:/Users/User/Desktop/Askisi_1a/Askisi_1a.srcs/sources_1/new/Prefix_adder.vhd:198' bound to instance 'HS' of component 'Hashtag' [C:/Users/User/Desktop/Askisi_1a/Askisi_1a.srcs/sources_1/new/Prefix_adder.vhd:261]
INFO: [Synth 8-3491] module 'Hashtag' declared at 'C:/Users/User/Desktop/Askisi_1a/Askisi_1a.srcs/sources_1/new/Prefix_adder.vhd:198' bound to instance 'HS' of component 'Hashtag' [C:/Users/User/Desktop/Askisi_1a/Askisi_1a.srcs/sources_1/new/Prefix_adder.vhd:261]
INFO: [Synth 8-3491] module 'Hashtag' declared at 'C:/Users/User/Desktop/Askisi_1a/Askisi_1a.srcs/sources_1/new/Prefix_adder.vhd:198' bound to instance 'HS' of component 'Hashtag' [C:/Users/User/Desktop/Askisi_1a/Askisi_1a.srcs/sources_1/new/Prefix_adder.vhd:261]
INFO: [Synth 8-3491] module 'Hashtag' declared at 'C:/Users/User/Desktop/Askisi_1a/Askisi_1a.srcs/sources_1/new/Prefix_adder.vhd:198' bound to instance 'HS' of component 'Hashtag' [C:/Users/User/Desktop/Askisi_1a/Askisi_1a.srcs/sources_1/new/Prefix_adder.vhd:261]
INFO: [Synth 8-3491] module 'Hashtag' declared at 'C:/Users/User/Desktop/Askisi_1a/Askisi_1a.srcs/sources_1/new/Prefix_adder.vhd:198' bound to instance 'HS' of component 'Hashtag' [C:/Users/User/Desktop/Askisi_1a/Askisi_1a.srcs/sources_1/new/Prefix_adder.vhd:261]
INFO: [Synth 8-3491] module 'Hashtag' declared at 'C:/Users/User/Desktop/Askisi_1a/Askisi_1a.srcs/sources_1/new/Prefix_adder.vhd:198' bound to instance 'HS' of component 'Hashtag' [C:/Users/User/Desktop/Askisi_1a/Askisi_1a.srcs/sources_1/new/Prefix_adder.vhd:261]
INFO: [Synth 8-3491] module 'Hashtag' declared at 'C:/Users/User/Desktop/Askisi_1a/Askisi_1a.srcs/sources_1/new/Prefix_adder.vhd:198' bound to instance 'HS' of component 'Hashtag' [C:/Users/User/Desktop/Askisi_1a/Askisi_1a.srcs/sources_1/new/Prefix_adder.vhd:261]
INFO: [Synth 8-3491] module 'Hashtag' declared at 'C:/Users/User/Desktop/Askisi_1a/Askisi_1a.srcs/sources_1/new/Prefix_adder.vhd:198' bound to instance 'HS' of component 'Hashtag' [C:/Users/User/Desktop/Askisi_1a/Askisi_1a.srcs/sources_1/new/Prefix_adder.vhd:261]
INFO: [Synth 8-3491] module 'Hashtag' declared at 'C:/Users/User/Desktop/Askisi_1a/Askisi_1a.srcs/sources_1/new/Prefix_adder.vhd:198' bound to instance 'HS' of component 'Hashtag' [C:/Users/User/Desktop/Askisi_1a/Askisi_1a.srcs/sources_1/new/Prefix_adder.vhd:261]
INFO: [Synth 8-256] done synthesizing module 'Prefix_Adder' (7#1) [C:/Users/User/Desktop/Askisi_1a/Askisi_1a.srcs/sources_1/new/Prefix_adder.vhd:235]
INFO: [Synth 8-256] done synthesizing module 'ask1_a' (8#1) [C:/Users/User/Desktop/Askisi_1a/Askisi_1a.srcs/sources_1/new/CSA.vhd:121]
---------------------------------------------------------------------------------
Finished RTL Elaboration : Time (s): cpu = 00:00:04 ; elapsed = 00:00:03 . Memory (MB): peak = 1028.523 ; gain = 134.910
---------------------------------------------------------------------------------

Report Check Netlist: 
+------+------------------+-------+---------+-------+------------------+
|      |Item              |Errors |Warnings |Status |Description       |
+------+------------------+-------+---------+-------+------------------+
|1     |multi_driven_nets |      0|        0|Passed |Multi driven nets |
+------+------------------+-------+---------+-------+------------------+
---------------------------------------------------------------------------------
Start Handling Custom Attributes
---------------------------------------------------------------------------------
---------------------------------------------------------------------------------
Finished Handling Custom Attributes : Time (s): cpu = 00:00:04 ; elapsed = 00:00:03 . Memory (MB): peak = 1028.523 ; gain = 134.910
---------------------------------------------------------------------------------
---------------------------------------------------------------------------------
Finished RTL Optimization Phase 1 : Time (s): cpu = 00:00:04 ; elapsed = 00:00:03 . Memory (MB): peak = 1028.523 ; gain = 134.910
---------------------------------------------------------------------------------
INFO: [Device 21-403] Loading part xc7z010clg400-1
INFO: [Project 1-570] Preparing netlist for logic optimization

Processing XDC Constraints
Initializing timing engine
Completed Processing XDC Constraints

INFO: [Opt 31-138] Pushed 0 inverter(s) to 0 load pin(s).
INFO: [Project 1-111] Unisim Transformation Summary:
No Unisim elements were transformed.

RTL Elaboration Complete:  : Time (s): cpu = 00:00:20 ; elapsed = 00:00:16 . Memory (MB): peak = 1375.703 ; gain = 482.090
78 Infos, 0 Warnings, 0 Critical Warnings and 0 Errors encountered.
synth_design completed successfully
synth_design: Time (s): cpu = 00:00:20 ; elapsed = 00:00:16 . Memory (MB): peak = 1375.703 ; gain = 482.090
set_property top ask1_b [current_fileset]
update_compile_order -fileset sources_1
refresh_design
---------------------------------------------------------------------------------
Starting RTL Elaboration : Time (s): cpu = 00:00:02 ; elapsed = 00:00:02 . Memory (MB): peak = 1379.590 ; gain = 0.000
---------------------------------------------------------------------------------
INFO: [Synth 8-638] synthesizing module 'ask1_b' [C:/Users/User/Desktop/Askisi_1a/Askisi_1a.srcs/sources_1/new/Double CSA.vhd:91]
INFO: [Synth 8-3491] module 'CSA_Tree_b' declared at 'C:/Users/User/Desktop/Askisi_1a/Askisi_1a.srcs/sources_1/new/Double CSA.vhd:44' bound to instance 'CAS_tree' of component 'CSA_Tree_b' [C:/Users/User/Desktop/Askisi_1a/Askisi_1a.srcs/sources_1/new/Double CSA.vhd:114]
INFO: [Synth 8-638] synthesizing module 'CSA_Tree_b' [C:/Users/User/Desktop/Askisi_1a/Askisi_1a.srcs/sources_1/new/Double CSA.vhd:52]
INFO: [Synth 8-3491] module 'double_CSA' declared at 'C:/Users/User/Desktop/Askisi_1a/Askisi_1a.srcs/sources_1/new/Double CSA.vhd:6' bound to instance 'dCAS1' of component 'double_CSA' [C:/Users/User/Desktop/Askisi_1a/Askisi_1a.srcs/sources_1/new/Double CSA.vhd:65]
INFO: [Synth 8-638] synthesizing module 'double_CSA' [C:/Users/User/Desktop/Askisi_1a/Askisi_1a.srcs/sources_1/new/Double CSA.vhd:14]
INFO: [Synth 8-3491] module 'CSA' declared at 'C:/Users/User/Desktop/Askisi_1a/Askisi_1a.srcs/sources_1/new/CSA.vhd:8' bound to instance 'CAS1' of component 'CSA' [C:/Users/User/Desktop/Askisi_1a/Askisi_1a.srcs/sources_1/new/Double CSA.vhd:33]
INFO: [Synth 8-638] synthesizing module 'CSA' [C:/Users/User/Desktop/Askisi_1a/Askisi_1a.srcs/sources_1/new/CSA.vhd:16]
INFO: [Synth 8-3491] module 'fa_clk' declared at 'C:/Users/User/Desktop/Askisi_1a/Askisi_1a.srcs/sources_1/new/FA.vhd:5' bound to instance 'fa_clk0' of component 'fa_clk' [C:/Users/User/Desktop/Askisi_1a/Askisi_1a.srcs/sources_1/new/CSA.vhd:33]
INFO: [Synth 8-638] synthesizing module 'fa_clk' [C:/Users/User/Desktop/Askisi_1a/Askisi_1a.srcs/sources_1/new/FA.vhd:11]
INFO: [Synth 8-256] done synthesizing module 'fa_clk' (1#1) [C:/Users/User/Desktop/Askisi_1a/Askisi_1a.srcs/sources_1/new/FA.vhd:11]
INFO: [Synth 8-3491] module 'fa_clk' declared at 'C:/Users/User/Desktop/Askisi_1a/Askisi_1a.srcs/sources_1/new/FA.vhd:5' bound to instance 'fa_clk1' of component 'fa_clk' [C:/Users/User/Desktop/Askisi_1a/Askisi_1a.srcs/sources_1/new/CSA.vhd:34]
INFO: [Synth 8-3491] module 'fa_clk' declared at 'C:/Users/User/Desktop/Askisi_1a/Askisi_1a.srcs/sources_1/new/FA.vhd:5' bound to instance 'fa_clk2' of component 'fa_clk' [C:/Users/User/Desktop/Askisi_1a/Askisi_1a.srcs/sources_1/new/CSA.vhd:35]
INFO: [Synth 8-3491] module 'fa_clk' declared at 'C:/Users/User/Desktop/Askisi_1a/Askisi_1a.srcs/sources_1/new/FA.vhd:5' bound to instance 'fa_clk3' of component 'fa_clk' [C:/Users/User/Desktop/Askisi_1a/Askisi_1a.srcs/sources_1/new/CSA.vhd:36]
INFO: [Synth 8-3491] module 'fa_clk' declared at 'C:/Users/User/Desktop/Askisi_1a/Askisi_1a.srcs/sources_1/new/FA.vhd:5' bound to instance 'fa_clk4' of component 'fa_clk' [C:/Users/User/Desktop/Askisi_1a/Askisi_1a.srcs/sources_1/new/CSA.vhd:37]
INFO: [Synth 8-3491] module 'fa_clk' declared at 'C:/Users/User/Desktop/Askisi_1a/Askisi_1a.srcs/sources_1/new/FA.vhd:5' bound to instance 'fa_clk5' of component 'fa_clk' [C:/Users/User/Desktop/Askisi_1a/Askisi_1a.srcs/sources_1/new/CSA.vhd:38]
INFO: [Synth 8-3491] module 'fa_clk' declared at 'C:/Users/User/Desktop/Askisi_1a/Askisi_1a.srcs/sources_1/new/FA.vhd:5' bound to instance 'fa_clk6' of component 'fa_clk' [C:/Users/User/Desktop/Askisi_1a/Askisi_1a.srcs/sources_1/new/CSA.vhd:39]
INFO: [Synth 8-3491] module 'fa_clk' declared at 'C:/Users/User/Desktop/Askisi_1a/Askisi_1a.srcs/sources_1/new/FA.vhd:5' bound to instance 'fa_clk7' of component 'fa_clk' [C:/Users/User/Desktop/Askisi_1a/Askisi_1a.srcs/sources_1/new/CSA.vhd:40]
INFO: [Synth 8-3491] module 'fa_clk' declared at 'C:/Users/User/Desktop/Askisi_1a/Askisi_1a.srcs/sources_1/new/FA.vhd:5' bound to instance 'fa_clk8' of component 'fa_clk' [C:/Users/User/Desktop/Askisi_1a/Askisi_1a.srcs/sources_1/new/CSA.vhd:41]
INFO: [Synth 8-3491] module 'fa_clk' declared at 'C:/Users/User/Desktop/Askisi_1a/Askisi_1a.srcs/sources_1/new/FA.vhd:5' bound to instance 'fa_clk9' of component 'fa_clk' [C:/Users/User/Desktop/Askisi_1a/Askisi_1a.srcs/sources_1/new/CSA.vhd:42]
INFO: [Synth 8-3491] module 'fa_clk' declared at 'C:/Users/User/Desktop/Askisi_1a/Askisi_1a.srcs/sources_1/new/FA.vhd:5' bound to instance 'fa_clk10' of component 'fa_clk' [C:/Users/User/Desktop/Askisi_1a/Askisi_1a.srcs/sources_1/new/CSA.vhd:43]
INFO: [Synth 8-3491] module 'fa_clk' declared at 'C:/Users/User/Desktop/Askisi_1a/Askisi_1a.srcs/sources_1/new/FA.vhd:5' bound to instance 'fa_clk11' of component 'fa_clk' [C:/Users/User/Desktop/Askisi_1a/Askisi_1a.srcs/sources_1/new/CSA.vhd:44]
INFO: [Synth 8-3491] module 'fa_clk' declared at 'C:/Users/User/Desktop/Askisi_1a/Askisi_1a.srcs/sources_1/new/FA.vhd:5' bound to instance 'fa_clk12' of component 'fa_clk' [C:/Users/User/Desktop/Askisi_1a/Askisi_1a.srcs/sources_1/new/CSA.vhd:45]
INFO: [Synth 8-3491] module 'fa_clk' declared at 'C:/Users/User/Desktop/Askisi_1a/Askisi_1a.srcs/sources_1/new/FA.vhd:5' bound to instance 'fa_clk13' of component 'fa_clk' [C:/Users/User/Desktop/Askisi_1a/Askisi_1a.srcs/sources_1/new/CSA.vhd:46]
INFO: [Synth 8-3491] module 'fa_clk' declared at 'C:/Users/User/Desktop/Askisi_1a/Askisi_1a.srcs/sources_1/new/FA.vhd:5' bound to instance 'fa_clk14' of component 'fa_clk' [C:/Users/User/Desktop/Askisi_1a/Askisi_1a.srcs/sources_1/new/CSA.vhd:47]
INFO: [Synth 8-3491] module 'fa_clk' declared at 'C:/Users/User/Desktop/Askisi_1a/Askisi_1a.srcs/sources_1/new/FA.vhd:5' bound to instance 'fa_clk15' of component 'fa_clk' [C:/Users/User/Desktop/Askisi_1a/Askisi_1a.srcs/sources_1/new/CSA.vhd:48]
INFO: [Synth 8-256] done synthesizing module 'CSA' (2#1) [C:/Users/User/Desktop/Askisi_1a/Askisi_1a.srcs/sources_1/new/CSA.vhd:16]
INFO: [Synth 8-3491] module 'dff_16' declared at 'C:/Users/User/Desktop/Askisi_1a/Askisi_1a.srcs/sources_1/new/dff_16.vhd:6' bound to instance 'dff_16_1' of component 'dff_16' [C:/Users/User/Desktop/Askisi_1a/Askisi_1a.srcs/sources_1/new/Double CSA.vhd:34]
INFO: [Synth 8-638] synthesizing module 'dff_16' [C:/Users/User/Desktop/Askisi_1a/Askisi_1a.srcs/sources_1/new/dff_16.vhd:13]
INFO: [Synth 8-256] done synthesizing module 'dff_16' (3#1) [C:/Users/User/Desktop/Askisi_1a/Askisi_1a.srcs/sources_1/new/dff_16.vhd:13]
INFO: [Synth 8-3491] module 'CSA' declared at 'C:/Users/User/Desktop/Askisi_1a/Askisi_1a.srcs/sources_1/new/CSA.vhd:8' bound to instance 'CAS2' of component 'CSA' [C:/Users/User/Desktop/Askisi_1a/Askisi_1a.srcs/sources_1/new/Double CSA.vhd:35]
INFO: [Synth 8-256] done synthesizing module 'double_CSA' (4#1) [C:/Users/User/Desktop/Askisi_1a/Askisi_1a.srcs/sources_1/new/Double CSA.vhd:14]
INFO: [Synth 8-3491] module 'double_CSA' declared at 'C:/Users/User/Desktop/Askisi_1a/Askisi_1a.srcs/sources_1/new/Double CSA.vhd:6' bound to instance 'dCAS2' of component 'double_CSA' [C:/Users/User/Desktop/Askisi_1a/Askisi_1a.srcs/sources_1/new/Double CSA.vhd:66]
INFO: [Synth 8-3491] module 'double_CSA' declared at 'C:/Users/User/Desktop/Askisi_1a/Askisi_1a.srcs/sources_1/new/Double CSA.vhd:6' bound to instance 'dCAS3' of component 'double_CSA' [C:/Users/User/Desktop/Askisi_1a/Askisi_1a.srcs/sources_1/new/Double CSA.vhd:67]
INFO: [Synth 8-256] done synthesizing module 'CSA_Tree_b' (5#1) [C:/Users/User/Desktop/Askisi_1a/Askisi_1a.srcs/sources_1/new/Double CSA.vhd:52]
	Parameter N bound to: 16 - type: integer 
INFO: [Synth 8-3491] module 'Prefix_Adder' declared at 'C:/Users/User/Desktop/Askisi_1a/Askisi_1a.srcs/sources_1/new/Prefix_adder.vhd:223' bound to instance 'Prefix_Adder_box' of component 'Prefix_Adder' [C:/Users/User/Desktop/Askisi_1a/Askisi_1a.srcs/sources_1/new/Double CSA.vhd:115]
INFO: [Synth 8-638] synthesizing module 'Prefix_Adder' [C:/Users/User/Desktop/Askisi_1a/Askisi_1a.srcs/sources_1/new/Prefix_adder.vhd:235]
	Parameter N bound to: 16 - type: integer 
INFO: [Synth 8-3491] module 'HalfAdder' declared at 'C:/Users/User/Desktop/Askisi_1a/Askisi_1a.srcs/sources_1/new/Prefix_adder.vhd:176' bound to instance 'HA' of component 'HalfAdder' [C:/Users/User/Desktop/Askisi_1a/Askisi_1a.srcs/sources_1/new/Prefix_adder.vhd:256]
INFO: [Synth 8-638] synthesizing module 'HalfAdder' [C:/Users/User/Desktop/Askisi_1a/Askisi_1a.srcs/sources_1/new/Prefix_adder.vhd:183]
INFO: [Synth 8-256] done synthesizing module 'HalfAdder' (6#1) [C:/Users/User/Desktop/Askisi_1a/Askisi_1a.srcs/sources_1/new/Prefix_adder.vhd:183]
INFO: [Synth 8-3491] module 'HalfAdder' declared at 'C:/Users/User/Desktop/Askisi_1a/Askisi_1a.srcs/sources_1/new/Prefix_adder.vhd:176' bound to instance 'HA' of component 'HalfAdder' [C:/Users/User/Desktop/Askisi_1a/Askisi_1a.srcs/sources_1/new/Prefix_adder.vhd:256]
INFO: [Synth 8-3491] module 'HalfAdder' declared at 'C:/Users/User/Desktop/Askisi_1a/Askisi_1a.srcs/sources_1/new/Prefix_adder.vhd:176' bound to instance 'HA' of component 'HalfAdder' [C:/Users/User/Desktop/Askisi_1a/Askisi_1a.srcs/sources_1/new/Prefix_adder.vhd:256]
INFO: [Synth 8-3491] module 'HalfAdder' declared at 'C:/Users/User/Desktop/Askisi_1a/Askisi_1a.srcs/sources_1/new/Prefix_adder.vhd:176' bound to instance 'HA' of component 'HalfAdder' [C:/Users/User/Desktop/Askisi_1a/Askisi_1a.srcs/sources_1/new/Prefix_adder.vhd:256]
INFO: [Synth 8-3491] module 'HalfAdder' declared at 'C:/Users/User/Desktop/Askisi_1a/Askisi_1a.srcs/sources_1/new/Prefix_adder.vhd:176' bound to instance 'HA' of component 'HalfAdder' [C:/Users/User/Desktop/Askisi_1a/Askisi_1a.srcs/sources_1/new/Prefix_adder.vhd:256]
INFO: [Synth 8-3491] module 'HalfAdder' declared at 'C:/Users/User/Desktop/Askisi_1a/Askisi_1a.srcs/sources_1/new/Prefix_adder.vhd:176' bound to instance 'HA' of component 'HalfAdder' [C:/Users/User/Desktop/Askisi_1a/Askisi_1a.srcs/sources_1/new/Prefix_adder.vhd:256]
INFO: [Synth 8-3491] module 'HalfAdder' declared at 'C:/Users/User/Desktop/Askisi_1a/Askisi_1a.srcs/sources_1/new/Prefix_adder.vhd:176' bound to instance 'HA' of component 'HalfAdder' [C:/Users/User/Desktop/Askisi_1a/Askisi_1a.srcs/sources_1/new/Prefix_adder.vhd:256]
INFO: [Synth 8-3491] module 'HalfAdder' declared at 'C:/Users/User/Desktop/Askisi_1a/Askisi_1a.srcs/sources_1/new/Prefix_adder.vhd:176' bound to instance 'HA' of component 'HalfAdder' [C:/Users/User/Desktop/Askisi_1a/Askisi_1a.srcs/sources_1/new/Prefix_adder.vhd:256]
INFO: [Synth 8-3491] module 'HalfAdder' declared at 'C:/Users/User/Desktop/Askisi_1a/Askisi_1a.srcs/sources_1/new/Prefix_adder.vhd:176' bound to instance 'HA' of component 'HalfAdder' [C:/Users/User/Desktop/Askisi_1a/Askisi_1a.srcs/sources_1/new/Prefix_adder.vhd:256]
INFO: [Synth 8-3491] module 'HalfAdder' declared at 'C:/Users/User/Desktop/Askisi_1a/Askisi_1a.srcs/sources_1/new/Prefix_adder.vhd:176' bound to instance 'HA' of component 'HalfAdder' [C:/Users/User/Desktop/Askisi_1a/Askisi_1a.srcs/sources_1/new/Prefix_adder.vhd:256]
INFO: [Synth 8-3491] module 'HalfAdder' declared at 'C:/Users/User/Desktop/Askisi_1a/Askisi_1a.srcs/sources_1/new/Prefix_adder.vhd:176' bound to instance 'HA' of component 'HalfAdder' [C:/Users/User/Desktop/Askisi_1a/Askisi_1a.srcs/sources_1/new/Prefix_adder.vhd:256]
INFO: [Synth 8-3491] module 'HalfAdder' declared at 'C:/Users/User/Desktop/Askisi_1a/Askisi_1a.srcs/sources_1/new/Prefix_adder.vhd:176' bound to instance 'HA' of component 'HalfAdder' [C:/Users/User/Desktop/Askisi_1a/Askisi_1a.srcs/sources_1/new/Prefix_adder.vhd:256]
INFO: [Synth 8-3491] module 'HalfAdder' declared at 'C:/Users/User/Desktop/Askisi_1a/Askisi_1a.srcs/sources_1/new/Prefix_adder.vhd:176' bound to instance 'HA' of component 'HalfAdder' [C:/Users/User/Desktop/Askisi_1a/Askisi_1a.srcs/sources_1/new/Prefix_adder.vhd:256]
INFO: [Synth 8-3491] module 'HalfAdder' declared at 'C:/Users/User/Desktop/Askisi_1a/Askisi_1a.srcs/sources_1/new/Prefix_adder.vhd:176' bound to instance 'HA' of component 'HalfAdder' [C:/Users/User/Desktop/Askisi_1a/Askisi_1a.srcs/sources_1/new/Prefix_adder.vhd:256]
INFO: [Synth 8-3491] module 'HalfAdder' declared at 'C:/Users/User/Desktop/Askisi_1a/Askisi_1a.srcs/sources_1/new/Prefix_adder.vhd:176' bound to instance 'HA' of component 'HalfAdder' [C:/Users/User/Desktop/Askisi_1a/Askisi_1a.srcs/sources_1/new/Prefix_adder.vhd:256]
INFO: [Synth 8-3491] module 'HalfAdder' declared at 'C:/Users/User/Desktop/Askisi_1a/Askisi_1a.srcs/sources_1/new/Prefix_adder.vhd:176' bound to instance 'HA' of component 'HalfAdder' [C:/Users/User/Desktop/Askisi_1a/Askisi_1a.srcs/sources_1/new/Prefix_adder.vhd:256]
INFO: [Synth 8-3491] module 'Hashtag' declared at 'C:/Users/User/Desktop/Askisi_1a/Askisi_1a.srcs/sources_1/new/Prefix_adder.vhd:198' bound to instance 'HS' of component 'Hashtag' [C:/Users/User/Desktop/Askisi_1a/Askisi_1a.srcs/sources_1/new/Prefix_adder.vhd:261]
INFO: [Synth 8-638] synthesizing module 'Hashtag' [C:/Users/User/Desktop/Askisi_1a/Askisi_1a.srcs/sources_1/new/Prefix_adder.vhd:207]
INFO: [Synth 8-256] done synthesizing module 'Hashtag' (7#1) [C:/Users/User/Desktop/Askisi_1a/Askisi_1a.srcs/sources_1/new/Prefix_adder.vhd:207]
INFO: [Synth 8-3491] module 'Hashtag' declared at 'C:/Users/User/Desktop/Askisi_1a/Askisi_1a.srcs/sources_1/new/Prefix_adder.vhd:198' bound to instance 'HS' of component 'Hashtag' [C:/Users/User/Desktop/Askisi_1a/Askisi_1a.srcs/sources_1/new/Prefix_adder.vhd:261]
INFO: [Synth 8-3491] module 'Hashtag' declared at 'C:/Users/User/Desktop/Askisi_1a/Askisi_1a.srcs/sources_1/new/Prefix_adder.vhd:198' bound to instance 'HS' of component 'Hashtag' [C:/Users/User/Desktop/Askisi_1a/Askisi_1a.srcs/sources_1/new/Prefix_adder.vhd:261]
INFO: [Synth 8-3491] module 'Hashtag' declared at 'C:/Users/User/Desktop/Askisi_1a/Askisi_1a.srcs/sources_1/new/Prefix_adder.vhd:198' bound to instance 'HS' of component 'Hashtag' [C:/Users/User/Desktop/Askisi_1a/Askisi_1a.srcs/sources_1/new/Prefix_adder.vhd:261]
INFO: [Synth 8-3491] module 'Hashtag' declared at 'C:/Users/User/Desktop/Askisi_1a/Askisi_1a.srcs/sources_1/new/Prefix_adder.vhd:198' bound to instance 'HS' of component 'Hashtag' [C:/Users/User/Desktop/Askisi_1a/Askisi_1a.srcs/sources_1/new/Prefix_adder.vhd:261]
INFO: [Synth 8-3491] module 'Hashtag' declared at 'C:/Users/User/Desktop/Askisi_1a/Askisi_1a.srcs/sources_1/new/Prefix_adder.vhd:198' bound to instance 'HS' of component 'Hashtag' [C:/Users/User/Desktop/Askisi_1a/Askisi_1a.srcs/sources_1/new/Prefix_adder.vhd:261]
INFO: [Synth 8-3491] module 'Hashtag' declared at 'C:/Users/User/Desktop/Askisi_1a/Askisi_1a.srcs/sources_1/new/Prefix_adder.vhd:198' bound to instance 'HS' of component 'Hashtag' [C:/Users/User/Desktop/Askisi_1a/Askisi_1a.srcs/sources_1/new/Prefix_adder.vhd:261]
INFO: [Synth 8-3491] module 'Hashtag' declared at 'C:/Users/User/Desktop/Askisi_1a/Askisi_1a.srcs/sources_1/new/Prefix_adder.vhd:198' bound to instance 'HS' of component 'Hashtag' [C:/Users/User/Desktop/Askisi_1a/Askisi_1a.srcs/sources_1/new/Prefix_adder.vhd:261]
INFO: [Synth 8-3491] module 'Hashtag' declared at 'C:/Users/User/Desktop/Askisi_1a/Askisi_1a.srcs/sources_1/new/Prefix_adder.vhd:198' bound to instance 'HS' of component 'Hashtag' [C:/Users/User/Desktop/Askisi_1a/Askisi_1a.srcs/sources_1/new/Prefix_adder.vhd:261]
INFO: [Synth 8-3491] module 'Hashtag' declared at 'C:/Users/User/Desktop/Askisi_1a/Askisi_1a.srcs/sources_1/new/Prefix_adder.vhd:198' bound to instance 'HS' of component 'Hashtag' [C:/Users/User/Desktop/Askisi_1a/Askisi_1a.srcs/sources_1/new/Prefix_adder.vhd:261]
INFO: [Synth 8-3491] module 'Hashtag' declared at 'C:/Users/User/Desktop/Askisi_1a/Askisi_1a.srcs/sources_1/new/Prefix_adder.vhd:198' bound to instance 'HS' of component 'Hashtag' [C:/Users/User/Desktop/Askisi_1a/Askisi_1a.srcs/sources_1/new/Prefix_adder.vhd:261]
INFO: [Synth 8-3491] module 'Hashtag' declared at 'C:/Users/User/Desktop/Askisi_1a/Askisi_1a.srcs/sources_1/new/Prefix_adder.vhd:198' bound to instance 'HS' of component 'Hashtag' [C:/Users/User/Desktop/Askisi_1a/Askisi_1a.srcs/sources_1/new/Prefix_adder.vhd:261]
INFO: [Synth 8-3491] module 'Hashtag' declared at 'C:/Users/User/Desktop/Askisi_1a/Askisi_1a.srcs/sources_1/new/Prefix_adder.vhd:198' bound to instance 'HS' of component 'Hashtag' [C:/Users/User/Desktop/Askisi_1a/Askisi_1a.srcs/sources_1/new/Prefix_adder.vhd:261]
INFO: [Synth 8-3491] module 'Hashtag' declared at 'C:/Users/User/Desktop/Askisi_1a/Askisi_1a.srcs/sources_1/new/Prefix_adder.vhd:198' bound to instance 'HS' of component 'Hashtag' [C:/Users/User/Desktop/Askisi_1a/Askisi_1a.srcs/sources_1/new/Prefix_adder.vhd:261]
INFO: [Synth 8-3491] module 'Hashtag' declared at 'C:/Users/User/Desktop/Askisi_1a/Askisi_1a.srcs/sources_1/new/Prefix_adder.vhd:198' bound to instance 'HS' of component 'Hashtag' [C:/Users/User/Desktop/Askisi_1a/Askisi_1a.srcs/sources_1/new/Prefix_adder.vhd:261]
INFO: [Synth 8-256] done synthesizing module 'Prefix_Adder' (8#1) [C:/Users/User/Desktop/Askisi_1a/Askisi_1a.srcs/sources_1/new/Prefix_adder.vhd:235]
INFO: [Synth 8-256] done synthesizing module 'ask1_b' (9#1) [C:/Users/User/Desktop/Askisi_1a/Askisi_1a.srcs/sources_1/new/Double CSA.vhd:91]
---------------------------------------------------------------------------------
Finished RTL Elaboration : Time (s): cpu = 00:00:03 ; elapsed = 00:00:03 . Memory (MB): peak = 1415.340 ; gain = 35.750
---------------------------------------------------------------------------------

Report Check Netlist: 
+------+------------------+-------+---------+-------+------------------+
|      |Item              |Errors |Warnings |Status |Description       |
+------+------------------+-------+---------+-------+------------------+
|1     |multi_driven_nets |      0|        0|Passed |Multi driven nets |
+------+------------------+-------+---------+-------+------------------+
---------------------------------------------------------------------------------
Start Handling Custom Attributes
---------------------------------------------------------------------------------
---------------------------------------------------------------------------------
Finished Handling Custom Attributes : Time (s): cpu = 00:00:03 ; elapsed = 00:00:03 . Memory (MB): peak = 1415.340 ; gain = 35.750
---------------------------------------------------------------------------------
---------------------------------------------------------------------------------
Finished RTL Optimization Phase 1 : Time (s): cpu = 00:00:03 ; elapsed = 00:00:03 . Memory (MB): peak = 1415.340 ; gain = 35.750
---------------------------------------------------------------------------------
INFO: [Project 1-570] Preparing netlist for logic optimization

Processing XDC Constraints
Initializing timing engine
Completed Processing XDC Constraints

INFO: [Opt 31-138] Pushed 0 inverter(s) to 0 load pin(s).
refresh_design: Time (s): cpu = 00:00:11 ; elapsed = 00:00:07 . Memory (MB): peak = 1416.801 ; gain = 37.211
exit
INFO: [Common 17-206] Exiting Vivado at Wed Jun 14 16:14:28 2023...
