#-----------------------------------------------------------
# Vivado v2018.2 (64-bit)
# SW Build 2258646 on Thu Jun 14 20:03:12 MDT 2018
# IP Build 2256618 on Thu Jun 14 22:10:49 MDT 2018
# Start of session at: Sun Jun 11 13:26:55 2023
# Process ID: 5656
# Current directory: C:/Users/User/Desktop/Askisi_1a
# Command line: vivado.exe -gui_launcher_event rodinguilauncherevent9824 C:\Users\User\Desktop\Askisi_1a\Askisi_1a.xpr
# Log file: C:/Users/User/Desktop/Askisi_1a/vivado.log
# Journal file: C:/Users/User/Desktop/Askisi_1a\vivado.jou
#-----------------------------------------------------------
ERROR: [Common 17-249] Param 'device.trackDeviceDataLoading' is already registered
ERROR: [Common 17-249] Param 'device.disableTemplateLoading' is already registered
ERROR: [Common 17-249] Param 'device.loadAllNodeTemplates' is already registered
ERROR: [Common 17-249] Param 'device.disableCostCodes' is already registered
ERROR: [Common 17-249] Param 'device.hotfabricfactor' is already registered
ERROR: [Common 17-249] Param 'device.precomputedNodes' is already registered
ERROR: [Common 17-249] Param 'device.dontDisconnectWires' is already registered
ERROR: [Common 17-249] Param 'device.modifyReserveProperty' is already registered
ERROR: [Common 17-249] Param 'device.leakDevices' is already registered
ERROR: [Common 17-249] Param 'device.derivedDieDevice' is already registered
ERROR: [Common 17-249] Param 'device.mungeCookedNames' is already registered
ERROR: [Common 17-249] Param 'device.disableOracleGroups' is already registered
ERROR: [Common 17-249] Param 'device.enablePhysicalDataLoad' is already registered
ERROR: [Common 17-249] Param 'device.enablePhysicalDataDump' is already registered
ERROR: [Common 17-249] Param 'arch.debugParse' is already registered
ERROR: [Common 17-249] Param 'arch.evalarch.cfgFile' is already registered
ERROR: [Common 17-249] Param 'arch.evalarch.TrimUnusedRouting' is already registered
ERROR: [Common 17-249] Param 'arch.evalarch.TrimUnusedRoutingVerbose' is already registered
ERROR: [Common 17-249] Param 'arch.evalarch.TrimUnusedRoutingIgnoreSites' is already registered
ERROR: [Common 17-249] Param 'arch.evalarch.TrimUnusedRoutingSliceTypes' is already registered
ERROR: [Common 17-249] Param 'arch.evalarch.cfg' is already registered
ERROR: [Common 17-249] Param 'arch.evalarch.elbertCLBXYSize' is already registered
ERROR: [Common 17-249] Param 'arch.evalarch.intTileColsPerIntColumn' is already registered
ERROR: [Common 17-249] Param 'arch.evalarch.Monitor' is already registered
ERROR: [Common 17-249] Param 'arch.evalarch.ReportFileName' is already registered
ERROR: [Common 17-249] Param 'arch.evalarch.GVerbose' is already registered
ERROR: [Common 17-249] Param 'arch.evalarch.Verbose' is already registered
ERROR: [Common 17-249] Param 'arch.evalarch.QORDefaults' is already registered
ERROR: [Common 17-249] Param 'arch.evalarch.GNLDefaults' is already registered
ERROR: [Common 17-249] Param 'arch.evalarch.Threads' is already registered
ERROR: [Common 17-249] Param 'arch.evalarch.logfile' is already registered
ERROR: [Common 17-249] Param 'arch.evalarch.addInterposerRouting' is already registered
ERROR: [Common 17-249] Param 'device.externalEstimator' is already registered
ERROR: [Common 17-249] Param 'device.mappingFile' is already registered
ERROR: [Common 17-249] Param 'device.xmlDstFile' is already registered
ERROR: [Common 17-249] Param 'device.evalarch.xmlDstFile_5lev' is already registered
ERROR: [Common 17-249] Param 'device.evalarch.delayModel' is already registered
ERROR: [Common 17-249] Param 'device.evalarch.delayModel_5lev' is already registered
ERROR: [Common 17-249] Param 'device.evalarch.floorplan' is already registered
ERROR: [Common 17-249] Param 'device.evalarch.intXml' is already registered
ERROR: [Common 17-249] Param 'device.evalarch.muxLayout' is already registered
ERROR: [Common 17-249] Param 'device.evalarch.overwriteTileGridDistWithCSV' is already registered
ERROR: [Common 17-249] Param 'device.evalarch.paspdFile' is already registered
ERROR: [Common 17-249] Param 'device.evalarch.nonlibPaspdFile' is already registered
ERROR: [Common 17-249] Param 'device.evalarch.padrFile' is already registered
ERROR: [Common 17-249] Param 'device.evalarch.padrFileAsText' is already registered
ERROR: [Common 17-249] Param 'device.evalarch.pbPadrFile' is already registered
ERROR: [Common 17-249] Param 'device.evalarch.libertyFile' is already registered
ERROR: [Common 17-249] Param 'device.evalarch.evalBlackBoxDelays' is already registered
ERROR: [Common 17-249] Param 'device.evalarch.muxequivsFile' is already registered
ERROR: [Common 17-249] Param 'device.evalarch.lagunaArchFile' is already registered
ERROR: [Common 17-249] Param 'device.evalarch.lagunaDevice' is already registered
ERROR: [Common 17-249] Param 'device.evalarch.lagunaDeviceFile' is already registered
ERROR: [Common 17-249] Param 'device.evalarch.enableLagunaFlow' is already registered
ERROR: [Common 17-249] Param 'device.evalarch.dumpLagunaDeviceXML' is already registered
ERROR: [Common 17-249] Param 'device.evalarch.fsrRows' is already registered
ERROR: [Common 17-249] Param 'device.evalarch.pinDlysFile' is already registered
ERROR: [Common 17-249] Param 'device.evalarch.pinIgnoreFile' is already registered
ERROR: [Common 17-249] Param 'device.evalarch.overlapIgnoreFile' is already registered
ERROR: [Common 17-249] Param 'device.evalarch.constSourcesFile' is already registered
ERROR: [Common 17-249] Param 'device.evalarch.HDXMIallowMuxMissingInLayout' is already registered
ERROR: [Common 17-249] Param 'device.evalarch.dstGenMode' is already registered
ERROR: [Common 17-249] Param 'device.evalarch.bucketWithCrossings' is already registered
ERROR: [Common 17-249] Param 'device.evalarch.bucketPostPlaceWithCalc' is already registered
ERROR: [Common 17-249] Param 'device.evalarch.bucketPostRouteWithCalc' is already registered
ERROR: [Common 17-249] Param 'device.evalarch.epsReportEstimatedDelay' is already registered
ERROR: [Common 17-249] Param 'device.evalarch.dumpGrids' is already registered
ERROR: [Common 17-249] Param 'device.evalarch.bypassDistanceDelays' is already registered
ERROR: [Common 17-249] Param 'device.evalarch.boundingBoxDelay' is already registered
ERROR: [Common 17-249] Param 'device.evalarch.nominalTileNames' is already registered
ERROR: [Common 17-249] Param 'device.evalarch.estDelayWithFnPenalty' is already registered
ERROR: [Common 17-249] Param 'device.evalarch.noCrossSLREstDelay' is already registered
ERROR: [Common 17-249] Param 'device.evalarch.longestHorizDelayModel' is already registered
ERROR: [Common 17-249] Param 'device.evalarch.longestVertDelayModel' is already registered
ERROR: [Common 17-249] Param 'device.evalarch.altRoutedTiming' is already registered
ERROR: [Common 17-249] Param 'device.evalarch.interconnectBuilderTasks' is already registered
ERROR: [Common 17-249] Param 'device.evalarch.trimCenterColumn' is already registered
ERROR: [Common 17-249] Param 'device.evalarch.belContextWrite' is already registered
ERROR: [Common 17-249] Param 'device.evalarch.netContextWrite' is already registered
ERROR: [Common 17-249] Param 'device.evalarch.pipContextWrite' is already registered
ERROR: [Common 17-249] Param 'device.clbDelayScale' is already registered
ERROR: [Common 17-249] Param 'device.bramDelayScale' is already registered
ERROR: [Common 17-249] Param 'device.dspDelayScale' is already registered
ERROR: [Common 17-249] Param 'device.restDelayScale' is already registered
ERROR: [Common 17-249] Param 'device.xmlUseCrossingPenalty' is already registered
ERROR: [Common 17-249] Param 'device.evalarch.archXngFile' is already registered
ERROR: [Common 17-249] Param 'device.evalarch.deviceXngFile' is already registered
ERROR: [Common 17-249] Param 'device.evalarch.deviceXgdFile' is already registered
ERROR: [Common 17-249] Param 'device.evalarch.veamMapFile' is already registered
ERROR: [Common 17-249] Param 'device.evalarch.belTimingSetFile' is already registered
ERROR: [Common 17-249] Param 'device.evalarch.belContextMapFile' is already registered
ERROR: [Common 17-249] Param 'device.evalarch.netContextMapFile' is already registered
ERROR: [Common 17-249] Param 'device.evalarch.netTimingSetFile' is already registered
ERROR: [Common 17-249] Param 'device.evalarch.siteTimingSetFile' is already registered
ERROR: [Common 17-249] Param 'device.evalarch.sitemapFile' is already registered
ERROR: [Common 17-249] Param 'device.evalarch.secondaryPlacementFile' is already registered
ERROR: [Common 17-249] Param 'device.evalarch.secondaryPinPlacementFile' is already registered
ERROR: [Common 17-249] Param 'device.evalarch.pkgSsoFile' is already registered
ERROR: [Common 17-249] Param 'device.evalarch.progDelayCfgFile' is already registered
ERROR: [Common 17-249] Param 'device.evalarch.idcMapFile' is already registered
INFO: [Common 17-14] Message 'Common 17-249' appears 100 times and further instances of the messages will be disabled. Use the Tcl command set_msg_config to change the current settings.
couldn't load library "librdi_tcltasks.dll": the library initialization routine failed
Could not load library 'librdi_tcltasks' needed by 'core', please check installation.
    while executing
"error "$result\nCould not load library '$library' needed by '$feature', please check installation.""
    (procedure "rdi::load_library" line 4)
    invoked from within
"rdi::load_library core librdi_tcltasks"
    (file "C:/VLSI/Vivado/2018.2\lib\scripts\rdi\features\core\core.tcl" line 5)
ERROR: [Common 17-217] Failed to load feature 'core'.
INFO: [Common 17-206] Exiting Vivado at Sun Jun 11 13:26:55 2023...
