INFO: Applying HLS Y2K22 patch v1.2 for IP revision
INFO: [HLS 200-10] Running 'C:/VLSI/Vivado/2018.2/bin/unwrapped/win64.o/vivado_hls.exe'
INFO: [HLS 200-10] For user 'User' on host 'laptop' (Windows NT_amd64 version 6.2) on Fri Jul 21 13:18:15 +0300 2023
INFO: [HLS 200-10] In directory 'C:/Users/User/Desktop/HLSI_ex2_01'
INFO: [HLS 200-10] Opening project 'C:/Users/User/Desktop/HLSI_ex2_01/Classifier_VLSI'.
INFO: [HLS 200-10] Adding design file 'Classifier.c' to the project
INFO: [HLS 200-10] Adding test bench file 'Classifier_test.c' to the project
INFO: [HLS 200-10] Adding test bench file 'Classifier.h' to the project
INFO: [HLS 200-10] Opening solution 'C:/Users/User/Desktop/HLSI_ex2_01/Classifier_VLSI/solution1'.
INFO: [SYN 201-201] Setting up clock 'default' with a period of 10ns.
INFO: [HLS 200-10] Setting target device to 'xc7z020clg484-1'
INFO: [HLS 200-10] Analyzing design file 'Classifier.c' ... 
WARNING: [HLS 214-114] Only function calls and local variable declarations are allowed in a dataflow region: Classifier.c:55:2
INFO: [HLS 200-111] Finished Linking Time (s): cpu = 00:00:00 ; elapsed = 00:00:04 . Memory (MB): peak = 102.430 ; gain = 46.578
INFO: [HLS 200-111] Finished Checking Pragmas Time (s): cpu = 00:00:00 ; elapsed = 00:00:04 . Memory (MB): peak = 102.430 ; gain = 46.578
INFO: [HLS 200-10] Starting code transformations ...
INFO: [HLS 200-111] Finished Standard Transforms Time (s): cpu = 00:00:00 ; elapsed = 00:00:04 . Memory (MB): peak = 103.922 ; gain = 48.070
INFO: [HLS 200-10] Checking synthesizability ...
INFO: [HLS 200-111] Finished Checking Synthesizability Time (s): cpu = 00:00:00 ; elapsed = 00:00:05 . Memory (MB): peak = 104.176 ; gain = 48.324
INFO: [XFORM 203-501] Unrolling loop 'Loop-1.1' (Classifier.c:26) in function 'svmClassification1' partially with a factor of 9.
INFO: [XFORM 203-101] Partitioning array 'x' (Classifier.c:47) in dimension 1 completely.
INFO: [XFORM 203-721] Changing loop 'Loop_1_proc' (Classifier.c:55) to a process function for dataflow in function 'svmClassification_top'.
INFO: [XFORM 203-721] Changing loop 'Loop_2_proc' (Classifier.c:66) to a process function for dataflow in function 'svmClassification_top'.
WARNING: [XFORM 203-713] Reading dataflow channel 'coefficients' in the middle of dataflow may stall the dataflow pipeline:
WARNING: [XFORM 203-713] Argument 'coefficients' has read operations in process function 'Loop_1_proc'.
WARNING: [XFORM 203-713] Reading dataflow channel 'support_vectors' in the middle of dataflow may stall the dataflow pipeline:
WARNING: [XFORM 203-713] Argument 'support_vectors' has read operations in process function 'Loop_2_proc'.
WARNING: [XFORM 203-713] All the elements of global array '.0'  should be updated in process function 'Loop_2_proc', otherwise it may not be synthesized correctly.
WARNING: [XFORM 203-713] All the elements of global array '.1'  should be updated in process function 'Loop_2_proc', otherwise it may not be synthesized correctly.
WARNING: [XFORM 203-713] All the elements of global array '.2'  should be updated in process function 'Loop_2_proc', otherwise it may not be synthesized correctly.
WARNING: [XFORM 203-713] All the elements of global array '.3'  should be updated in process function 'Loop_2_proc', otherwise it may not be synthesized correctly.
WARNING: [XFORM 203-713] All the elements of global array '.4'  should be updated in process function 'Loop_2_proc', otherwise it may not be synthesized correctly.
WARNING: [XFORM 203-713] All the elements of global array '.5'  should be updated in process function 'Loop_2_proc', otherwise it may not be synthesized correctly.
WARNING: [XFORM 203-713] All the elements of global array '.6'  should be updated in process function 'Loop_2_proc', otherwise it may not be synthesized correctly.
WARNING: [XFORM 203-713] All the elements of global array '.7'  should be updated in process function 'Loop_2_proc', otherwise it may not be synthesized correctly.
WARNING: [XFORM 203-713] All the elements of global array '.8'  should be updated in process function 'Loop_2_proc', otherwise it may not be synthesized correctly.
WARNING: [XFORM 203-713] All the elements of global array '.9'  should be updated in process function 'Loop_2_proc', otherwise it may not be synthesized correctly.
WARNING: [XFORM 203-713] All the elements of global array '.10'  should be updated in process function 'Loop_2_proc', otherwise it may not be synthesized correctly.
WARNING: [XFORM 203-713] All the elements of global array '.11'  should be updated in process function 'Loop_2_proc', otherwise it may not be synthesized correctly.
WARNING: [XFORM 203-713] All the elements of global array '.12'  should be updated in process function 'Loop_2_proc', otherwise it may not be synthesized correctly.
WARNING: [XFORM 203-713] All the elements of global array '.13'  should be updated in process function 'Loop_2_proc', otherwise it may not be synthesized correctly.
WARNING: [XFORM 203-713] All the elements of global array '.14'  should be updated in process function 'Loop_2_proc', otherwise it may not be synthesized correctly.
WARNING: [XFORM 203-713] All the elements of global array '.15'  should be updated in process function 'Loop_2_proc', otherwise it may not be synthesized correctly.
WARNING: [XFORM 203-713] All the elements of global array '.16'  should be updated in process function 'Loop_2_proc', otherwise it may not be synthesized correctly.
WARNING: [XFORM 203-713] All the elements of global array '.17'  should be updated in process function 'Loop_2_proc', otherwise it may not be synthesized correctly.
WARNING: [XFORM 203-713] All the elements of global array '.030'  should be updated in process function 'Loop_2_proc', otherwise it may not be synthesized correctly.
WARNING: [XFORM 203-713] All the elements of global array '.131'  should be updated in process function 'Loop_2_proc', otherwise it may not be synthesized correctly.
WARNING: [XFORM 203-713] All the elements of global array '.232'  should be updated in process function 'Loop_2_proc', otherwise it may not be synthesized correctly.
WARNING: [XFORM 203-713] All the elements of global array '.333'  should be updated in process function 'Loop_2_proc', otherwise it may not be synthesized correctly.
WARNING: [XFORM 203-713] All the elements of global array '.434'  should be updated in process function 'Loop_2_proc', otherwise it may not be synthesized correctly.
WARNING: [XFORM 203-713] All the elements of global array '.535'  should be updated in process function 'Loop_2_proc', otherwise it may not be synthesized correctly.
WARNING: [XFORM 203-713] All the elements of global array '.636'  should be updated in process function 'Loop_2_proc', otherwise it may not be synthesized correctly.
WARNING: [XFORM 203-713] All the elements of global array '.737'  should be updated in process function 'Loop_2_proc', otherwise it may not be synthesized correctly.
WARNING: [XFORM 203-713] All the elements of global array '.838'  should be updated in process function 'Loop_2_proc', otherwise it may not be synthesized correctly.
WARNING: [XFORM 203-713] All the elements of global array '.939'  should be updated in process function 'Loop_2_proc', otherwise it may not be synthesized correctly.
WARNING: [XFORM 203-713] All the elements of global array '.1040'  should be updated in process function 'Loop_2_proc', otherwise it may not be synthesized correctly.
WARNING: [XFORM 203-713] All the elements of global array '.1141'  should be updated in process function 'Loop_2_proc', otherwise it may not be synthesized correctly.
WARNING: [XFORM 203-713] All the elements of global array '.1242'  should be updated in process function 'Loop_2_proc', otherwise it may not be synthesized correctly.
WARNING: [XFORM 203-713] All the elements of global array '.1343'  should be updated in process function 'Loop_2_proc', otherwise it may not be synthesized correctly.
WARNING: [XFORM 203-713] All the elements of global array '.1444'  should be updated in process function 'Loop_2_proc', otherwise it may not be synthesized correctly.
WARNING: [XFORM 203-713] All the elements of global array '.1545'  should be updated in process function 'Loop_2_proc', otherwise it may not be synthesized correctly.
WARNING: [XFORM 203-713] All the elements of global array '.1646'  should be updated in process function 'Loop_2_proc', otherwise it may not be synthesized correctly.
WARNING: [XFORM 203-713] All the elements of global array '.1747'  should be updated in process function 'Loop_2_proc', otherwise it may not be synthesized correctly.
WARNING: [XFORM 203-713] All the elements of global array '.069'  should be updated in process function 'Loop_2_proc', otherwise it may not be synthesized correctly.
WARNING: [XFORM 203-713] All the elements of global array '.170'  should be updated in process function 'Loop_2_proc', otherwise it may not be synthesized correctly.
WARNING: [XFORM 203-713] All the elements of global array '.271'  should be updated in process function 'Loop_2_proc', otherwise it may not be synthesized correctly.
WARNING: [XFORM 203-713] All the elements of global array '.372'  should be updated in process function 'Loop_2_proc', otherwise it may not be synthesized correctly.
WARNING: [XFORM 203-713] All the elements of global array '.473'  should be updated in process function 'Loop_2_proc', otherwise it may not be synthesized correctly.
WARNING: [XFORM 203-713] All the elements of global array '.574'  should be updated in process function 'Loop_2_proc', otherwise it may not be synthesized correctly.
WARNING: [XFORM 203-713] All the elements of global array '.675'  should be updated in process function 'Loop_2_proc', otherwise it may not be synthesized correctly.
WARNING: [XFORM 203-713] All the elements of global array '.776'  should be updated in process function 'Loop_2_proc', otherwise it may not be synthesized correctly.
WARNING: [XFORM 203-713] All the elements of global array '.877'  should be updated in process function 'Loop_2_proc', otherwise it may not be synthesized correctly.
WARNING: [XFORM 203-713] All the elements of global array '.978'  should be updated in process function 'Loop_2_proc', otherwise it may not be synthesized correctly.
WARNING: [XFORM 203-713] All the elements of global array '.1079'  should be updated in process function 'Loop_2_proc', otherwise it may not be synthesized correctly.
WARNING: [XFORM 203-713] All the elements of global array '.1180'  should be updated in process function 'Loop_2_proc', otherwise it may not be synthesized correctly.
WARNING: [XFORM 203-713] All the elements of global array '.1281'  should be updated in process function 'Loop_2_proc', otherwise it may not be synthesized correctly.
WARNING: [XFORM 203-713] All the elements of global array '.1382'  should be updated in process function 'Loop_2_proc', otherwise it may not be synthesized correctly.
WARNING: [XFORM 203-713] All the elements of global array '.1483'  should be updated in process function 'Loop_2_proc', otherwise it may not be synthesized correctly.
WARNING: [XFORM 203-713] All the elements of global array '.1584'  should be updated in process function 'Loop_2_proc', otherwise it may not be synthesized correctly.
WARNING: [XFORM 203-713] All the elements of global array '.1685'  should be updated in process function 'Loop_2_proc', otherwise it may not be synthesized correctly.
WARNING: [XFORM 203-713] All the elements of global array '.1786'  should be updated in process function 'Loop_2_proc', otherwise it may not be synthesized correctly.
WARNING: [XFORM 203-713] All the elements of global array '.0108'  should be updated in process function 'Loop_2_proc', otherwise it may not be synthesized correctly.
WARNING: [XFORM 203-713] All the elements of global array '.1109'  should be updated in process function 'Loop_2_proc', otherwise it may not be synthesized correctly.
WARNING: [XFORM 203-713] All the elements of global array '.2110'  should be updated in process function 'Loop_2_proc', otherwise it may not be synthesized correctly.
WARNING: [XFORM 203-713] All the elements of global array '.3111'  should be updated in process function 'Loop_2_proc', otherwise it may not be synthesized correctly.
WARNING: [XFORM 203-713] All the elements of global array '.4112'  should be updated in process function 'Loop_2_proc', otherwise it may not be synthesized correctly.
WARNING: [XFORM 203-713] All the elements of global array '.5113'  should be updated in process function 'Loop_2_proc', otherwise it may not be synthesized correctly.
WARNING: [XFORM 203-713] All the elements of global array '.6114'  should be updated in process function 'Loop_2_proc', otherwise it may not be synthesized correctly.
WARNING: [XFORM 203-713] All the elements of global array '.7115'  should be updated in process function 'Loop_2_proc', otherwise it may not be synthesized correctly.
WARNING: [XFORM 203-713] All the elements of global array '.8116'  should be updated in process function 'Loop_2_proc', otherwise it may not be synthesized correctly.
WARNING: [XFORM 203-713] All the elements of global array '.9117'  should be updated in process function 'Loop_2_proc', otherwise it may not be synthesized correctly.
WARNING: [XFORM 203-713] All the elements of global array '.10118'  should be updated in process function 'Loop_2_proc', otherwise it may not be synthesized correctly.
WARNING: [XFORM 203-713] All the elements of global array '.11119'  should be updated in process function 'Loop_2_proc', otherwise it may not be synthesized correctly.
WARNING: [XFORM 203-713] All the elements of global array '.12120'  should be updated in process function 'Loop_2_proc', otherwise it may not be synthesized correctly.
WARNING: [XFORM 203-713] All the elements of global array '.13121'  should be updated in process function 'Loop_2_proc', otherwise it may not be synthesized correctly.
WARNING: [XFORM 203-713] All the elements of global array '.14122'  should be updated in process function 'Loop_2_proc', otherwise it may not be synthesized correctly.
WARNING: [XFORM 203-713] All the elements of global array '.15123'  should be updated in process function 'Loop_2_proc', otherwise it may not be synthesized correctly.
WARNING: [XFORM 203-713] All the elements of global array '.16124'  should be updated in process function 'Loop_2_proc', otherwise it may not be synthesized correctly.
WARNING: [XFORM 203-713] All the elements of global array '.17125'  should be updated in process function 'Loop_2_proc', otherwise it may not be synthesized correctly.
WARNING: [XFORM 203-713] All the elements of global array '.0147'  should be updated in process function 'Loop_2_proc', otherwise it may not be synthesized correctly.
WARNING: [XFORM 203-713] All the elements of global array '.1148'  should be updated in process function 'Loop_2_proc', otherwise it may not be synthesized correctly.
WARNING: [XFORM 203-713] All the elements of global array '.2149'  should be updated in process function 'Loop_2_proc', otherwise it may not be synthesized correctly.
WARNING: [XFORM 203-713] All the elements of global array '.3150'  should be updated in process function 'Loop_2_proc', otherwise it may not be synthesized correctly.
WARNING: [XFORM 203-713] All the elements of global array '.4151'  should be updated in process function 'Loop_2_proc', otherwise it may not be synthesized correctly.
WARNING: [XFORM 203-713] All the elements of global array '.5152'  should be updated in process function 'Loop_2_proc', otherwise it may not be synthesized correctly.
WARNING: [XFORM 203-713] All the elements of global array '.6153'  should be updated in process function 'Loop_2_proc', otherwise it may not be synthesized correctly.
WARNING: [XFORM 203-713] All the elements of global array '.7154'  should be updated in process function 'Loop_2_proc', otherwise it may not be synthesized correctly.
WARNING: [XFORM 203-713] All the elements of global array '.8155'  should be updated in process function 'Loop_2_proc', otherwise it may not be synthesized correctly.
WARNING: [XFORM 203-713] All the elements of global array '.9156'  should be updated in process function 'Loop_2_proc', otherwise it may not be synthesized correctly.
WARNING: [XFORM 203-713] All the elements of global array '.10157'  should be updated in process function 'Loop_2_proc', otherwise it may not be synthesized correctly.
WARNING: [XFORM 203-713] All the elements of global array '.11158'  should be updated in process function 'Loop_2_proc', otherwise it may not be synthesized correctly.
WARNING: [XFORM 203-713] All the elements of global array '.12159'  should be updated in process function 'Loop_2_proc', otherwise it may not be synthesized correctly.
WARNING: [XFORM 203-713] All the elements of global array '.13160'  should be updated in process function 'Loop_2_proc', otherwise it may not be synthesized correctly.
WARNING: [XFORM 203-713] All the elements of global array '.14161'  should be updated in process function 'Loop_2_proc', otherwise it may not be synthesized correctly.
WARNING: [XFORM 203-713] All the elements of global array '.15162'  should be updated in process function 'Loop_2_proc', otherwise it may not be synthesized correctly.
WARNING: [XFORM 203-713] All the elements of global array '.16163'  should be updated in process function 'Loop_2_proc', otherwise it may not be synthesized correctly.
WARNING: [XFORM 203-713] All the elements of global array '.17164'  should be updated in process function 'Loop_2_proc', otherwise it may not be synthesized correctly.
WARNING: [XFORM 203-713] All the elements of global array '.0186'  should be updated in process function 'Loop_2_proc', otherwise it may not be synthesized correctly.
WARNING: [XFORM 203-713] All the elements of global array '.1187'  should be updated in process function 'Loop_2_proc', otherwise it may not be synthesized correctly.
WARNING: [XFORM 203-713] All the elements of global array '.2188'  should be updated in process function 'Loop_2_proc', otherwise it may not be synthesized correctly.
WARNING: [XFORM 203-713] All the elements of global array '.3189'  should be updated in process function 'Loop_2_proc', otherwise it may not be synthesized correctly.
WARNING: [XFORM 203-713] All the elements of global array '.4190'  should be updated in process function 'Loop_2_proc', otherwise it may not be synthesized correctly.
WARNING: [XFORM 203-713] All the elements of global array '.5191'  should be updated in process function 'Loop_2_proc', otherwise it may not be synthesized correctly.
WARNING: [XFORM 203-713] All the elements of global array '.6192'  should be updated in process function 'Loop_2_proc', otherwise it may not be synthesized correctly.
WARNING: [XFORM 203-713] All the elements of global array '.7193'  should be updated in process function 'Loop_2_proc', otherwise it may not be synthesized correctly.
WARNING: [XFORM 203-713] All the elements of global array '.8194'  should be updated in process function 'Loop_2_proc', otherwise it may not be synthesized correctly.
WARNING: [XFORM 203-713] All the elements of global array '.9195'  should be updated in process function 'Loop_2_proc', otherwise it may not be synthesized correctly.
WARNING: [XFORM 203-713] All the elements of global array '.10196'  should be updated in process function 'Loop_2_proc', otherwise it may not be synthesized correctly.
WARNING: [XFORM 203-713] All the elements of global array '.11197'  should be updated in process function 'Loop_2_proc', otherwise it may not be synthesized correctly.
WARNING: [XFORM 203-713] All the elements of global array '.12198'  should be updated in process function 'Loop_2_proc', otherwise it may not be synthesized correctly.
WARNING: [XFORM 203-713] All the elements of global array '.13199'  should be updated in process function 'Loop_2_proc', otherwise it may not be synthesized correctly.
WARNING: [XFORM 203-713] All the elements of global array '.14200'  should be updated in process function 'Loop_2_proc', otherwise it may not be synthesized correctly.
WARNING: [XFORM 203-713] All the elements of global array '.15201'  should be updated in process function 'Loop_2_proc', otherwise it may not be synthesized correctly.
WARNING: [XFORM 203-713] All the elements of global array '.16202'  should be updated in process function 'Loop_2_proc', otherwise it may not be synthesized correctly.
WARNING: [XFORM 203-713] All the elements of global array '.17203'  should be updated in process function 'Loop_2_proc', otherwise it may not be synthesized correctly.
WARNING: [XFORM 203-713] All the elements of global array '.0225'  should be updated in process function 'Loop_2_proc', otherwise it may not be synthesized correctly.
WARNING: [XFORM 203-713] All the elements of global array '.1226'  should be updated in process function 'Loop_2_proc', otherwise it may not be synthesized correctly.
WARNING: [XFORM 203-713] All the elements of global array '.2227'  should be updated in process function 'Loop_2_proc', otherwise it may not be synthesized correctly.
WARNING: [XFORM 203-713] All the elements of global array '.3228'  should be updated in process function 'Loop_2_proc', otherwise it may not be synthesized correctly.
WARNING: [XFORM 203-713] All the elements of global array '.4229'  should be updated in process function 'Loop_2_proc', otherwise it may not be synthesized correctly.
WARNING: [XFORM 203-713] All the elements of global array '.5230'  should be updated in process function 'Loop_2_proc', otherwise it may not be synthesized correctly.
WARNING: [XFORM 203-713] All the elements of global array '.6231'  should be updated in process function 'Loop_2_proc', otherwise it may not be synthesized correctly.
WARNING: [XFORM 203-713] All the elements of global array '.7232'  should be updated in process function 'Loop_2_proc', otherwise it may not be synthesized correctly.
WARNING: [XFORM 203-713] All the elements of global array '.8233'  should be updated in process function 'Loop_2_proc', otherwise it may not be synthesized correctly.
WARNING: [XFORM 203-713] All the elements of global array '.9234'  should be updated in process function 'Loop_2_proc', otherwise it may not be synthesized correctly.
WARNING: [XFORM 203-713] All the elements of global array '.10235'  should be updated in process function 'Loop_2_proc', otherwise it may not be synthesized correctly.
WARNING: [XFORM 203-713] All the elements of global array '.11236'  should be updated in process function 'Loop_2_proc', otherwise it may not be synthesized correctly.
WARNING: [XFORM 203-713] All the elements of global array '.12237'  should be updated in process function 'Loop_2_proc', otherwise it may not be synthesized correctly.
WARNING: [XFORM 203-713] All the elements of global array '.13238'  should be updated in process function 'Loop_2_proc', otherwise it may not be synthesized correctly.
WARNING: [XFORM 203-713] All the elements of global array '.14239'  should be updated in process function 'Loop_2_proc', otherwise it may not be synthesized correctly.
WARNING: [XFORM 203-713] All the elements of global array '.15240'  should be updated in process function 'Loop_2_proc', otherwise it may not be synthesized correctly.
WARNING: [XFORM 203-713] All the elements of global array '.16241'  should be updated in process function 'Loop_2_proc', otherwise it may not be synthesized correctly.
WARNING: [XFORM 203-713] All the elements of global array '.17242'  should be updated in process function 'Loop_2_proc', otherwise it may not be synthesized correctly.
INFO: [XFORM 203-712] Applying dataflow to function 'svmClassification_top', detected/extracted 17 process function(s): 
	 'svmClassification_top.entry22'
	 'Loop_1_proc'
	 'Loop_2_proc'
	 'svmClassification116'
	 'svmClassification117'
	 'Block__proc'
	 'svmClassification118'
	 'Block__proc6'
	 'svmClassification119'
	 'Block__proc8'
	 'svmClassification120'
	 'Block__proc10'
	 'svmClassification121'
	 'Block__proc12'
	 'svmClassification1'
	 'Block__proc14'
	 '__Classifier.c_line95_proc'.
INFO: [HLS 200-111] Finished Pre-synthesis Time (s): cpu = 00:00:04 ; elapsed = 00:00:09 . Memory (MB): peak = 129.703 ; gain = 73.852
WARNING: [XFORM 203-631] Renaming function 'svmClassification_top.entry22' to 'svmClassification_to.1' 
WARNING: [XFORM 203-631] Renaming function '__Classifier.c_line95_proc' to '__Classifier.c_line9' 
WARNING: [XFORM 203-631] Renaming function 'svmClassification_top.entry5' to 'svmClassification_to.2' 
INFO: [HLS 200-111] Finished Architecture Synthesis Time (s): cpu = 00:00:09 ; elapsed = 00:00:14 . Memory (MB): peak = 311.984 ; gain = 256.133
INFO: [HLS 200-10] Starting hardware synthesis ...
INFO: [HLS 200-10] Synthesizing 'svmClassification_top' ...
WARNING: [SYN 201-103] Legalizing function name 'svmClassification_to.2' to 'svmClassification_to_2'.
WARNING: [SYN 201-103] Legalizing function name 'svmClassification_to.1' to 'svmClassification_to_1'.
WARNING: [SYN 201-103] Legalizing function name 'Block__proc' to 'Block_proc'.
WARNING: [SYN 201-103] Legalizing function name 'Block__proc6' to 'Block_proc6'.
WARNING: [SYN 201-103] Legalizing function name 'Block__proc8' to 'Block_proc8'.
WARNING: [SYN 201-103] Legalizing function name 'Block__proc10' to 'Block_proc10'.
WARNING: [SYN 201-103] Legalizing function name 'Block__proc12' to 'Block_proc12'.
WARNING: [SYN 201-103] Legalizing function name 'Block__proc14' to 'Block_proc14'.
WARNING: [SYN 201-103] Legalizing function name '__Classifier.c_line9' to 'p_Classifier_c_line9'.
INFO: [HLS 200-10] ----------------------------------------------------------------
INFO: [HLS 200-42] -- Implementing module 'svmClassification_to_2' 
INFO: [HLS 200-10] ----------------------------------------------------------------
INFO: [SCHED 204-11] Starting scheduling ...
INFO: [SCHED 204-11] Finished scheduling.
INFO: [HLS 200-111]  Elapsed time: 14.597 seconds; current allocated memory: 267.159 MB.
INFO: [BIND 205-100] Starting micro-architecture generation ...
INFO: [BIND 205-101] Performing variable lifetime analysis.
INFO: [BIND 205-101] Exploring resource sharing.
INFO: [BIND 205-101] Binding ...
INFO: [BIND 205-100] Finished micro-architecture generation.
INFO: [HLS 200-111]  Elapsed time: 0.063 seconds; current allocated memory: 267.409 MB.
INFO: [HLS 200-10] ----------------------------------------------------------------
INFO: [HLS 200-42] -- Implementing module 'svmClassification_to_1' 
INFO: [HLS 200-10] ----------------------------------------------------------------
INFO: [SCHED 204-11] Starting scheduling ...
INFO: [SCHED 204-11] Finished scheduling.
INFO: [HLS 200-111]  Elapsed time: 2.433 seconds; current allocated memory: 267.929 MB.
INFO: [BIND 205-100] Starting micro-architecture generation ...
INFO: [BIND 205-101] Performing variable lifetime analysis.
INFO: [BIND 205-101] Exploring resource sharing.
INFO: [BIND 205-101] Binding ...
INFO: [BIND 205-100] Finished micro-architecture generation.
INFO: [HLS 200-111]  Elapsed time: 0.166 seconds; current allocated memory: 269.904 MB.
INFO: [HLS 200-10] ----------------------------------------------------------------
INFO: [HLS 200-42] -- Implementing module 'Loop_1_proc' 
INFO: [HLS 200-10] ----------------------------------------------------------------
INFO: [SCHED 204-11] Starting scheduling ...
INFO: [SCHED 204-11] Finished scheduling.
INFO: [HLS 200-111]  Elapsed time: 0.18 seconds; current allocated memory: 270.090 MB.
INFO: [HLS 200-434] Only 0 loops out of a total 1 loops have been pipelined in this design.
INFO: [BIND 205-100] Starting micro-architecture generation ...
INFO: [BIND 205-101] Performing variable lifetime analysis.
INFO: [BIND 205-101] Exploring resource sharing.
INFO: [BIND 205-101] Binding ...
INFO: [BIND 205-100] Finished micro-architecture generation.
INFO: [HLS 200-111]  Elapsed time: 0.074 seconds; current allocated memory: 270.311 MB.
INFO: [HLS 200-10] ----------------------------------------------------------------
INFO: [HLS 200-42] -- Implementing module 'Loop_2_proc' 
INFO: [HLS 200-10] ----------------------------------------------------------------
INFO: [SCHED 204-11] Starting scheduling ...
INFO: [SCHED 204-11] Finished scheduling.
INFO: [HLS 200-111]  Elapsed time: 0.267 seconds; current allocated memory: 271.207 MB.
INFO: [BIND 205-100] Starting micro-architecture generation ...
INFO: [BIND 205-101] Performing variable lifetime analysis.
INFO: [BIND 205-101] Exploring resource sharing.
INFO: [BIND 205-101] Binding ...
INFO: [BIND 205-100] Finished micro-architecture generation.
INFO: [HLS 200-111]  Elapsed time: 0.249 seconds; current allocated memory: 272.451 MB.
INFO: [HLS 200-10] ----------------------------------------------------------------
INFO: [HLS 200-42] -- Implementing module 'svmClassification116' 
INFO: [HLS 200-10] ----------------------------------------------------------------
INFO: [SCHED 204-11] Starting scheduling ...
INFO: [SCHED 204-11] Finished scheduling.
INFO: [HLS 200-111]  Elapsed time: 0.881 seconds; current allocated memory: 273.511 MB.
INFO: [BIND 205-100] Starting micro-architecture generation ...
INFO: [BIND 205-101] Performing variable lifetime analysis.
INFO: [BIND 205-101] Exploring resource sharing.
INFO: [BIND 205-101] Binding ...
INFO: [BIND 205-100] Finished micro-architecture generation.
INFO: [HLS 200-111]  Elapsed time: 0.244 seconds; current allocated memory: 274.501 MB.
INFO: [HLS 200-10] ----------------------------------------------------------------
INFO: [HLS 200-42] -- Implementing module 'svmClassification117' 
INFO: [HLS 200-10] ----------------------------------------------------------------
INFO: [SCHED 204-11] Starting scheduling ...
INFO: [SCHED 204-11] Finished scheduling.
INFO: [HLS 200-111]  Elapsed time: 0.776 seconds; current allocated memory: 275.300 MB.
INFO: [BIND 205-100] Starting micro-architecture generation ...
INFO: [BIND 205-101] Performing variable lifetime analysis.
INFO: [BIND 205-101] Exploring resource sharing.
INFO: [BIND 205-101] Binding ...
INFO: [BIND 205-100] Finished micro-architecture generation.
INFO: [HLS 200-111]  Elapsed time: 0.246 seconds; current allocated memory: 276.206 MB.
INFO: [HLS 200-10] ----------------------------------------------------------------
INFO: [HLS 200-42] -- Implementing module 'Block_proc' 
INFO: [HLS 200-10] ----------------------------------------------------------------
INFO: [SCHED 204-11] Starting scheduling ...
INFO: [SCHED 204-11] Finished scheduling.
INFO: [HLS 200-111]  Elapsed time: 0.296 seconds; current allocated memory: 276.257 MB.
INFO: [BIND 205-100] Starting micro-architecture generation ...
INFO: [BIND 205-101] Performing variable lifetime analysis.
INFO: [BIND 205-101] Exploring resource sharing.
INFO: [BIND 205-101] Binding ...
INFO: [BIND 205-100] Finished micro-architecture generation.
INFO: [HLS 200-111]  Elapsed time: 0.048 seconds; current allocated memory: 276.297 MB.
INFO: [HLS 200-10] ----------------------------------------------------------------
INFO: [HLS 200-42] -- Implementing module 'svmClassification118' 
INFO: [HLS 200-10] ----------------------------------------------------------------
INFO: [SCHED 204-11] Starting scheduling ...
INFO: [SCHED 204-11] Finished scheduling.
INFO: [HLS 200-111]  Elapsed time: 0.508 seconds; current allocated memory: 277.047 MB.
INFO: [BIND 205-100] Starting micro-architecture generation ...
INFO: [BIND 205-101] Performing variable lifetime analysis.
INFO: [BIND 205-101] Exploring resource sharing.
INFO: [BIND 205-101] Binding ...
INFO: [BIND 205-100] Finished micro-architecture generation.
INFO: [HLS 200-111]  Elapsed time: 0.316 seconds; current allocated memory: 277.995 MB.
INFO: [HLS 200-10] ----------------------------------------------------------------
INFO: [HLS 200-42] -- Implementing module 'Block_proc6' 
INFO: [HLS 200-10] ----------------------------------------------------------------
INFO: [SCHED 204-11] Starting scheduling ...
INFO: [SCHED 204-11] Finished scheduling.
INFO: [HLS 200-111]  Elapsed time: 0.31 seconds; current allocated memory: 278.044 MB.
INFO: [BIND 205-100] Starting micro-architecture generation ...
INFO: [BIND 205-101] Performing variable lifetime analysis.
INFO: [BIND 205-101] Exploring resource sharing.
INFO: [BIND 205-101] Binding ...
INFO: [BIND 205-100] Finished micro-architecture generation.
INFO: [HLS 200-111]  Elapsed time: 0.068 seconds; current allocated memory: 278.094 MB.
INFO: [HLS 200-10] ----------------------------------------------------------------
INFO: [HLS 200-42] -- Implementing module 'svmClassification119' 
INFO: [HLS 200-10] ----------------------------------------------------------------
INFO: [SCHED 204-11] Starting scheduling ...
INFO: [SCHED 204-11] Finished scheduling.
INFO: [HLS 200-111]  Elapsed time: 0.6 seconds; current allocated memory: 278.829 MB.
INFO: [BIND 205-100] Starting micro-architecture generation ...
INFO: [BIND 205-101] Performing variable lifetime analysis.
INFO: [BIND 205-101] Exploring resource sharing.
INFO: [BIND 205-101] Binding ...
INFO: [BIND 205-100] Finished micro-architecture generation.
INFO: [HLS 200-111]  Elapsed time: 0.278 seconds; current allocated memory: 279.777 MB.
INFO: [HLS 200-10] ----------------------------------------------------------------
INFO: [HLS 200-42] -- Implementing module 'Block_proc8' 
INFO: [HLS 200-10] ----------------------------------------------------------------
INFO: [SCHED 204-11] Starting scheduling ...
INFO: [SCHED 204-11] Finished scheduling.
INFO: [HLS 200-111]  Elapsed time: 0.297 seconds; current allocated memory: 279.826 MB.
INFO: [BIND 205-100] Starting micro-architecture generation ...
INFO: [BIND 205-101] Performing variable lifetime analysis.
INFO: [BIND 205-101] Exploring resource sharing.
INFO: [BIND 205-101] Binding ...
INFO: [BIND 205-100] Finished micro-architecture generation.
INFO: [HLS 200-111]  Elapsed time: 0.051 seconds; current allocated memory: 279.876 MB.
INFO: [HLS 200-10] ----------------------------------------------------------------
INFO: [HLS 200-42] -- Implementing module 'svmClassification120' 
INFO: [HLS 200-10] ----------------------------------------------------------------
INFO: [SCHED 204-11] Starting scheduling ...
INFO: [SCHED 204-11] Finished scheduling.
INFO: [HLS 200-111]  Elapsed time: 0.525 seconds; current allocated memory: 280.626 MB.
INFO: [BIND 205-100] Starting micro-architecture generation ...
INFO: [BIND 205-101] Performing variable lifetime analysis.
INFO: [BIND 205-101] Exploring resource sharing.
INFO: [BIND 205-101] Binding ...
INFO: [BIND 205-100] Finished micro-architecture generation.
INFO: [HLS 200-111]  Elapsed time: 0.244 seconds; current allocated memory: 281.574 MB.
INFO: [HLS 200-10] ----------------------------------------------------------------
INFO: [HLS 200-42] -- Implementing module 'Block_proc10' 
INFO: [HLS 200-10] ----------------------------------------------------------------
INFO: [SCHED 204-11] Starting scheduling ...
INFO: [SCHED 204-11] Finished scheduling.
INFO: [HLS 200-111]  Elapsed time: 0.297 seconds; current allocated memory: 281.623 MB.
INFO: [BIND 205-100] Starting micro-architecture generation ...
INFO: [BIND 205-101] Performing variable lifetime analysis.
INFO: [BIND 205-101] Exploring resource sharing.
INFO: [BIND 205-101] Binding ...
INFO: [BIND 205-100] Finished micro-architecture generation.
INFO: [HLS 200-111]  Elapsed time: 0.054 seconds; current allocated memory: 281.673 MB.
INFO: [HLS 200-10] ----------------------------------------------------------------
INFO: [HLS 200-42] -- Implementing module 'svmClassification121' 
INFO: [HLS 200-10] ----------------------------------------------------------------
INFO: [SCHED 204-11] Starting scheduling ...
INFO: [SCHED 204-11] Finished scheduling.
INFO: [HLS 200-111]  Elapsed time: 0.506 seconds; current allocated memory: 282.423 MB.
INFO: [BIND 205-100] Starting micro-architecture generation ...
INFO: [BIND 205-101] Performing variable lifetime analysis.
INFO: [BIND 205-101] Exploring resource sharing.
INFO: [BIND 205-101] Binding ...
INFO: [BIND 205-100] Finished micro-architecture generation.
INFO: [HLS 200-111]  Elapsed time: 0.373 seconds; current allocated memory: 283.335 MB.
INFO: [HLS 200-10] ----------------------------------------------------------------
INFO: [HLS 200-42] -- Implementing module 'Block_proc12' 
INFO: [HLS 200-10] ----------------------------------------------------------------
INFO: [SCHED 204-11] Starting scheduling ...
INFO: [SCHED 204-11] Finished scheduling.
INFO: [HLS 200-111]  Elapsed time: 0.351 seconds; current allocated memory: 283.420 MB.
INFO: [BIND 205-100] Starting micro-architecture generation ...
INFO: [BIND 205-101] Performing variable lifetime analysis.
INFO: [BIND 205-101] Exploring resource sharing.
INFO: [BIND 205-101] Binding ...
INFO: [BIND 205-100] Finished micro-architecture generation.
INFO: [HLS 200-111]  Elapsed time: 0.063 seconds; current allocated memory: 283.471 MB.
INFO: [HLS 200-10] ----------------------------------------------------------------
INFO: [HLS 200-42] -- Implementing module 'svmClassification1' 
INFO: [HLS 200-10] ----------------------------------------------------------------
INFO: [SCHED 204-11] Starting scheduling ...
INFO: [SCHED 204-11] Finished scheduling.
INFO: [HLS 200-111]  Elapsed time: 0.542 seconds; current allocated memory: 284.205 MB.
INFO: [BIND 205-100] Starting micro-architecture generation ...
INFO: [BIND 205-101] Performing variable lifetime analysis.
INFO: [BIND 205-101] Exploring resource sharing.
INFO: [BIND 205-101] Binding ...
INFO: [BIND 205-100] Finished micro-architecture generation.
INFO: [HLS 200-111]  Elapsed time: 0.259 seconds; current allocated memory: 285.116 MB.
INFO: [HLS 200-10] ----------------------------------------------------------------
INFO: [HLS 200-42] -- Implementing module 'Block_proc14' 
INFO: [HLS 200-10] ----------------------------------------------------------------
INFO: [SCHED 204-11] Starting scheduling ...
INFO: [SCHED 204-11] Finished scheduling.
INFO: [HLS 200-111]  Elapsed time: 0.287 seconds; current allocated memory: 285.225 MB.
INFO: [BIND 205-100] Starting micro-architecture generation ...
INFO: [BIND 205-101] Performing variable lifetime analysis.
INFO: [BIND 205-101] Exploring resource sharing.
INFO: [BIND 205-101] Binding ...
INFO: [BIND 205-100] Finished micro-architecture generation.
INFO: [HLS 200-111]  Elapsed time: 0.066 seconds; current allocated memory: 285.302 MB.
INFO: [HLS 200-10] ----------------------------------------------------------------
INFO: [HLS 200-42] -- Implementing module 'p_Classifier_c_line9' 
INFO: [HLS 200-10] ----------------------------------------------------------------
INFO: [SCHED 204-11] Starting scheduling ...
INFO: [SCHED 204-11] Finished scheduling.
INFO: [HLS 200-111]  Elapsed time: 0.08 seconds; current allocated memory: 285.342 MB.
INFO: [BIND 205-100] Starting micro-architecture generation ...
INFO: [BIND 205-101] Performing variable lifetime analysis.
INFO: [BIND 205-101] Exploring resource sharing.
INFO: [BIND 205-101] Binding ...
INFO: [BIND 205-100] Finished micro-architecture generation.
INFO: [HLS 200-111]  Elapsed time: 0.06 seconds; current allocated memory: 285.363 MB.
INFO: [HLS 200-10] ----------------------------------------------------------------
INFO: [HLS 200-42] -- Implementing module 'svmClassification_top' 
INFO: [HLS 200-10] ----------------------------------------------------------------
INFO: [SCHED 204-11] Starting scheduling ...
INFO: [SCHED 204-11] Finished scheduling.
INFO: [HLS 200-111]  Elapsed time: 0.258 seconds; current allocated memory: 286.222 MB.
INFO: [BIND 205-100] Starting micro-architecture generation ...
INFO: [BIND 205-101] Performing variable lifetime analysis.
INFO: [BIND 205-101] Exploring resource sharing.
INFO: [BIND 205-101] Binding ...
INFO: [BIND 205-100] Finished micro-architecture generation.
INFO: [HLS 200-111]  Elapsed time: 1.837 seconds; current allocated memory: 289.879 MB.
INFO: [HLS 200-10] ----------------------------------------------------------------
INFO: [HLS 200-10] -- Generating RTL for module 'svmClassification_to_2' 
INFO: [HLS 200-10] ----------------------------------------------------------------
INFO: [RTGEN 206-100] Finished creating RTL model for 'svmClassification_to_2'.
INFO: [HLS 200-111]  Elapsed time: 0.73 seconds; current allocated memory: 290.434 MB.
INFO: [HLS 200-10] ----------------------------------------------------------------
INFO: [HLS 200-10] -- Generating RTL for module 'svmClassification_to_1' 
INFO: [HLS 200-10] ----------------------------------------------------------------
INFO: [RTGEN 206-104] Estimated max fanout for 'svmClassification_to_1' is 8211 from HDL expression: (~((x_0_out_full_n == 1'b0) | (x_17_empty_n == 1'b0) | (x_16_empty_n == 1'b0) | (x_15_empty_n == 1'b0) | (x_14_empty_n == 1'b0) | (x_13_empty_n == 1'b0) | (x_12_empty_n == 1'b0) | (x_11_empty_n == 1'b0) | (x_10_empty_n == 1'b0) | (x_9_empty_n == 1'b0) | (ap_start == 1'b0) | (x_17_out108_full_n == 1'b0) | (x_17_out107_full_n == 1'b0) | (x_17_out106_full_n == 1'b0) | (x_17_out105_full_n == 1'b0) | (x_17_out104_full_n == 1'b0) | (x_17_out103_full_n == 1'b0) | (x_17_out_full_n == 1'b0) | (x_8_empty_n == 1'b0) | (x_16_out102_full_n == 1'b0) | (x_16_out101_full_n == 1'b0) | (x_16_out100_full_n == 1'b0) | (x_16_out99_full_n == 1'b0) | (x_16_out98_full_n == 1'b0) | (x_16_out97_full_n == 1'b0) | (x_16_out_full_n == 1'b0) | (x_15_out96_full_n == 1'b0) | (x_15_out95_full_n == 1'b0) | (x_15_out94_full_n == 1'b0) | (x_7_empty_n == 1'b0) | (x_15_out93_full_n == 1'b0) | (x_15_out92_full_n == 1'b0) | (x_15_out91_full_n == 1'b0) | (x_15_out_full_n == 1'b0) | (x_14_out90_full_n == 1'b0) | (x_14_out89_full_n == 1'b0) | (x_14_out88_full_n == 1'b0) | (x_14_out87_full_n == 1'b0) | (x_14_out86_full_n == 1'b0) | (x_14_out85_full_n == 1'b0) | (x_6_empty_n == 1'b0) | (x_14_out_full_n == 1'b0) | (x_13_out84_full_n == 1'b0) | (x_13_out83_full_n == 1'b0) | (x_13_out82_full_n == 1'b0) | (x_13_out81_full_n == 1'b0) | (x_13_out80_full_n == 1'b0) | (x_13_out79_full_n == 1'b0) | (x_13_out_full_n == 1'b0) | (x_12_out78_full_n == 1'b0) | (x_12_out77_full_n == 1'b0) | (x_5_empty_n == 1'b0) | (x_12_out76_full_n == 1'b0) | (x_12_out75_full_n == 1'b0) | (x_12_out74_full_n == 1'b0) | (x_12_out73_full_n == 1'b0) | (x_12_out_full_n == 1'b0) | (x_11_out72_full_n == 1'b0) | (x_11_out71_full_n == 1'b0) | (x_11_out70_full_n == 1'b0) | (x_11_out69_full_n == 1'b0) | (x_11_out68_full_n == 1'b0) | (x_4_empty_n == 1'b0) | (x_11_out67_full_n == 1'b0) | (x_11_out_full_n == 1'b0) | (x_10_out66_full_n == 1'b0) | (x_10_out65_full_n == 1'b0) | (x_10_out64_full_n == 1'b0) | (x_10_out63_full_n == 1'b0) | (x_10_out62_full_n == 1'b0) | (x_10_out61_full_n == 1'b0) | (x_10_out_full_n == 1'b0) | (x_9_out60_full_n == 1'b0) | (x_3_empty_n == 1'b0) | (x_9_out59_full_n == 1'b0) | (x_9_out58_full_n == 1'b0) | (x_9_out57_full_n == 1'b0) | (x_9_out56_full_n == 1'b0) | (x_9_out55_full_n == 1'b0) | (x_9_out_full_n == 1'b0) | (x_8_out54_full_n == 1'b0) | (x_8_out53_full_n == 1'b0) | (x_8_out52_full_n == 1'b0) | (x_8_out51_full_n == 1'b0) | (x_2_empty_n == 1'b0) | (x_8_out50_full_n == 1'b0) | (x_8_out49_full_n == 1'b0) | (x_8_out_full_n == 1'b0) | (x_7_out48_full_n == 1'b0) | (x_7_out47_full_n == 1'b0) | (x_7_out46_full_n == 1'b0) | (x_7_out45_full_n == 1'b0) | (x_7_out44_full_n == 1'b0) | (x_7_out43_full_n == 1'b0) | (x_7_out_full_n == 1'b0) | (x_1_empty_n == 1'b0) | (x_6_out42_full_n == 1'b0) | (x_6_out41_full_n == 1'b0) | (x_6_out40_full_n == 1'b0) | (x_6_out39_full_n == 1'b0) | (x_6_out38_full_n == 1'b0) | (x_6_out37_full_n == 1'b0) | (x_6_out_full_n == 1'b0) | (x_5_out36_full_n == 1'b0) | (x_5_out35_full_n == 1'b0) | (x_5_out34_full_n == 1'b0) | (x_0_empty_n == 1'b0) | (x_5_out33_full_n == 1'b0) | (x_5_out32_full_n == 1'b0) | (x_5_out31_full_n == 1'b0) | (x_5_out_full_n == 1'b0) | (x_4_out30_full_n == 1'b0) | (x_4_out29_full_n == 1'b0) | (x_4_out28_full_n == 1'b0) | (x_4_out27_full_n == 1'b0) | (x_4_out26_full_n == 1'b0) | (x_4_out25_full_n == 1'b0) | (x_4_out_full_n == 1'b0) | (x_3_out24_full_n == 1'b0) | (x_3_out23_full_n == 1'b0) | (x_3_out22_full_n == 1'b0) | (x_3_out21_full_n == 1'b0) | (x_3_out20_full_n == 1'b0) | (x_3_out19_full_n == 1'b0) | (x_3_out_full_n == 1'b0) | (x_2_out18_full_n == 1'b0) | (x_2_out17_full_n == 1'b0) | (x_2_out16_full_n == 1'b0) | (x_2_out15_full_n == 1'b0) | (x_2_out14_full_n == 1'b0) | (x_2_out13_full_n == 1'b0) | (x_2_out_full_n == 1'b0) | (x_1_out12_full_n == 1'b0) | (x_1_out11_full_n == 1'b0) | (x_1_out10_full_n == 1'b0) | (x_1_out9_full_n == 1'b0) | (x_1_out8_full_n == 1'b0) | (x_1_out7_full_n == 1'b0) | (x_1_out_full_n == 1'b0) | (x_0_out6_full_n == 1'b0) | (x_0_out5_full_n == 1'b0) | (x_0_out4_full_n == 1'b0) | (x_0_out3_full_n == 1'b0) | (x_0_out2_full_n == 1'b0) | (x_0_out1_full_n == 1'b0) | (ap_done_reg == 1'b1)) & (1'b1 == ap_CS_fsm_state1))
INFO: [RTGEN 206-100] Finished creating RTL model for 'svmClassification_to_1'.
INFO: [HLS 200-111]  Elapsed time: 0.232 seconds; current allocated memory: 292.292 MB.
INFO: [HLS 200-10] ----------------------------------------------------------------
INFO: [HLS 200-10] -- Generating RTL for module 'Loop_1_proc' 
INFO: [HLS 200-10] ----------------------------------------------------------------
INFO: [RTGEN 206-100] Finished creating RTL model for 'Loop_1_proc'.
INFO: [HLS 200-111]  Elapsed time: 0.605 seconds; current allocated memory: 293.077 MB.
INFO: [HLS 200-10] ----------------------------------------------------------------
INFO: [HLS 200-10] -- Generating RTL for module 'Loop_2_proc' 
INFO: [HLS 200-10] ----------------------------------------------------------------
INFO: [RTGEN 206-104] Estimated max fanout for 'Loop_2_proc' is 9203 from HDL expression: (1'b1 == ap_CS_fsm_state7)
INFO: [RTGEN 206-100] Finished creating RTL model for 'Loop_2_proc'.
INFO: [HLS 200-111]  Elapsed time: 0.285 seconds; current allocated memory: 295.075 MB.
INFO: [HLS 200-10] ----------------------------------------------------------------
INFO: [HLS 200-10] -- Generating RTL for module 'svmClassification116' 
INFO: [HLS 200-10] ----------------------------------------------------------------
INFO: [SYN 201-210] Renamed object name 'svmClassification_top_dadddsub_64ns_64ns_64_5_full_dsp_1' to 'svmClassificationbkb' due to the length limit 20
INFO: [SYN 201-210] Renamed object name 'svmClassification_top_dsub_64ns_64ns_64_5_full_dsp_1' to 'svmClassificationcud' due to the length limit 20
INFO: [SYN 201-210] Renamed object name 'svmClassification_top_dmul_64ns_64ns_64_6_max_dsp_1' to 'svmClassificationdEe' due to the length limit 20
INFO: [SYN 201-210] Renamed object name 'svmClassification_top_dexp_64ns_64ns_64_18_full_dsp_1' to 'svmClassificationeOg' due to the length limit 20
INFO: [RTGEN 206-100] Generating core module 'svmClassificationbkb': 1 instance(s).
INFO: [RTGEN 206-100] Generating core module 'svmClassificationcud': 8 instance(s).
INFO: [RTGEN 206-100] Generating core module 'svmClassificationdEe': 1 instance(s).
INFO: [RTGEN 206-100] Generating core module 'svmClassificationeOg': 1 instance(s).
INFO: [RTGEN 206-100] Finished creating RTL model for 'svmClassification116'.
INFO: [HLS 200-111]  Elapsed time: 0.88 seconds; current allocated memory: 297.469 MB.
INFO: [HLS 200-10] ----------------------------------------------------------------
INFO: [HLS 200-10] -- Generating RTL for module 'svmClassification117' 
INFO: [HLS 200-10] ----------------------------------------------------------------
INFO: [RTGEN 206-100] Generating core module 'svmClassificationbkb': 1 instance(s).
INFO: [RTGEN 206-100] Generating core module 'svmClassificationcud': 8 instance(s).
INFO: [RTGEN 206-100] Generating core module 'svmClassificationdEe': 1 instance(s).
INFO: [RTGEN 206-100] Generating core module 'svmClassificationeOg': 1 instance(s).
INFO: [RTGEN 206-100] Finished creating RTL model for 'svmClassification117'.
INFO: [HLS 200-111]  Elapsed time: 0.613 seconds; current allocated memory: 299.409 MB.
INFO: [HLS 200-10] ----------------------------------------------------------------
INFO: [HLS 200-10] -- Generating RTL for module 'Block_proc' 
INFO: [HLS 200-10] ----------------------------------------------------------------
INFO: [SYN 201-210] Renamed object name 'svmClassification_top_dadd_64ns_64ns_64_5_full_dsp_1' to 'svmClassificationfYi' due to the length limit 20
INFO: [RTGEN 206-100] Generating core module 'svmClassificationfYi': 1 instance(s).
INFO: [RTGEN 206-100] Finished creating RTL model for 'Block_proc'.
INFO: [HLS 200-111]  Elapsed time: 0.599 seconds; current allocated memory: 299.795 MB.
INFO: [HLS 200-10] ----------------------------------------------------------------
INFO: [HLS 200-10] -- Generating RTL for module 'svmClassification118' 
INFO: [HLS 200-10] ----------------------------------------------------------------
INFO: [RTGEN 206-100] Generating core module 'svmClassificationbkb': 1 instance(s).
INFO: [RTGEN 206-100] Generating core module 'svmClassificationcud': 8 instance(s).
INFO: [RTGEN 206-100] Generating core module 'svmClassificationdEe': 1 instance(s).
INFO: [RTGEN 206-100] Generating core module 'svmClassificationeOg': 1 instance(s).
INFO: [RTGEN 206-100] Finished creating RTL model for 'svmClassification118'.
INFO: [HLS 200-111]  Elapsed time: 0.275 seconds; current allocated memory: 301.510 MB.
INFO: [HLS 200-10] ----------------------------------------------------------------
INFO: [HLS 200-10] -- Generating RTL for module 'Block_proc6' 
INFO: [HLS 200-10] ----------------------------------------------------------------
INFO: [RTGEN 206-100] Generating core module 'svmClassificationfYi': 1 instance(s).
INFO: [RTGEN 206-100] Finished creating RTL model for 'Block_proc6'.
INFO: [HLS 200-111]  Elapsed time: 0.739 seconds; current allocated memory: 301.945 MB.
INFO: [HLS 200-10] ----------------------------------------------------------------
INFO: [HLS 200-10] -- Generating RTL for module 'svmClassification119' 
INFO: [HLS 200-10] ----------------------------------------------------------------
INFO: [RTGEN 206-100] Generating core module 'svmClassificationbkb': 1 instance(s).
INFO: [RTGEN 206-100] Generating core module 'svmClassificationcud': 8 instance(s).
INFO: [RTGEN 206-100] Generating core module 'svmClassificationdEe': 1 instance(s).
INFO: [RTGEN 206-100] Generating core module 'svmClassificationeOg': 1 instance(s).
INFO: [RTGEN 206-100] Finished creating RTL model for 'svmClassification119'.
INFO: [HLS 200-111]  Elapsed time: 0.204 seconds; current allocated memory: 303.579 MB.
INFO: [HLS 200-10] ----------------------------------------------------------------
INFO: [HLS 200-10] -- Generating RTL for module 'Block_proc8' 
INFO: [HLS 200-10] ----------------------------------------------------------------
INFO: [RTGEN 206-100] Generating core module 'svmClassificationfYi': 1 instance(s).
INFO: [RTGEN 206-100] Finished creating RTL model for 'Block_proc8'.
INFO: [HLS 200-111]  Elapsed time: 0.627 seconds; current allocated memory: 303.962 MB.
INFO: [HLS 200-10] ----------------------------------------------------------------
INFO: [HLS 200-10] -- Generating RTL for module 'svmClassification120' 
INFO: [HLS 200-10] ----------------------------------------------------------------
INFO: [RTGEN 206-100] Generating core module 'svmClassificationbkb': 1 instance(s).
INFO: [RTGEN 206-100] Generating core module 'svmClassificationcud': 8 instance(s).
INFO: [RTGEN 206-100] Generating core module 'svmClassificationdEe': 1 instance(s).
INFO: [RTGEN 206-100] Generating core module 'svmClassificationeOg': 1 instance(s).
INFO: [RTGEN 206-100] Finished creating RTL model for 'svmClassification120'.
INFO: [HLS 200-111]  Elapsed time: 0.243 seconds; current allocated memory: 305.713 MB.
INFO: [HLS 200-10] ----------------------------------------------------------------
INFO: [HLS 200-10] -- Generating RTL for module 'Block_proc10' 
INFO: [HLS 200-10] ----------------------------------------------------------------
INFO: [RTGEN 206-100] Generating core module 'svmClassificationfYi': 1 instance(s).
INFO: [RTGEN 206-100] Finished creating RTL model for 'Block_proc10'.
INFO: [HLS 200-111]  Elapsed time: 0.572 seconds; current allocated memory: 306.117 MB.
INFO: [HLS 200-10] ----------------------------------------------------------------
INFO: [HLS 200-10] -- Generating RTL for module 'svmClassification121' 
INFO: [HLS 200-10] ----------------------------------------------------------------
INFO: [RTGEN 206-100] Generating core module 'svmClassificationbkb': 1 instance(s).
INFO: [RTGEN 206-100] Generating core module 'svmClassificationcud': 8 instance(s).
INFO: [RTGEN 206-100] Generating core module 'svmClassificationdEe': 1 instance(s).
INFO: [RTGEN 206-100] Generating core module 'svmClassificationeOg': 1 instance(s).
INFO: [RTGEN 206-100] Finished creating RTL model for 'svmClassification121'.
INFO: [HLS 200-111]  Elapsed time: 0.25 seconds; current allocated memory: 307.767 MB.
INFO: [HLS 200-10] ----------------------------------------------------------------
INFO: [HLS 200-10] -- Generating RTL for module 'Block_proc12' 
INFO: [HLS 200-10] ----------------------------------------------------------------
INFO: [RTGEN 206-100] Generating core module 'svmClassificationfYi': 1 instance(s).
INFO: [RTGEN 206-100] Finished creating RTL model for 'Block_proc12'.
INFO: [HLS 200-111]  Elapsed time: 0.57 seconds; current allocated memory: 308.149 MB.
INFO: [HLS 200-10] ----------------------------------------------------------------
INFO: [HLS 200-10] -- Generating RTL for module 'svmClassification1' 
INFO: [HLS 200-10] ----------------------------------------------------------------
INFO: [RTGEN 206-100] Generating core module 'svmClassificationbkb': 1 instance(s).
INFO: [RTGEN 206-100] Generating core module 'svmClassificationcud': 8 instance(s).
INFO: [RTGEN 206-100] Generating core module 'svmClassificationdEe': 1 instance(s).
INFO: [RTGEN 206-100] Generating core module 'svmClassificationeOg': 1 instance(s).
INFO: [RTGEN 206-100] Finished creating RTL model for 'svmClassification1'.
INFO: [HLS 200-111]  Elapsed time: 0.338 seconds; current allocated memory: 309.951 MB.
INFO: [HLS 200-10] ----------------------------------------------------------------
INFO: [HLS 200-10] -- Generating RTL for module 'Block_proc14' 
INFO: [HLS 200-10] ----------------------------------------------------------------
INFO: [SYN 201-210] Renamed object name 'svmClassification_top_dcmp_64ns_64ns_1_1_1' to 'svmClassificationg8j' due to the length limit 20
INFO: [RTGEN 206-100] Generating core module 'svmClassificationfYi': 1 instance(s).
INFO: [RTGEN 206-100] Generating core module 'svmClassificationg8j': 1 instance(s).
INFO: [RTGEN 206-100] Finished creating RTL model for 'Block_proc14'.
INFO: [HLS 200-111]  Elapsed time: 0.713 seconds; current allocated memory: 310.422 MB.
INFO: [HLS 200-10] ----------------------------------------------------------------
INFO: [HLS 200-10] -- Generating RTL for module 'p_Classifier_c_line9' 
INFO: [HLS 200-10] ----------------------------------------------------------------
INFO: [RTGEN 206-100] Finished creating RTL model for 'p_Classifier_c_line9'.
INFO: [HLS 200-111]  Elapsed time: 0.178 seconds; current allocated memory: 310.559 MB.
INFO: [HLS 200-10] ----------------------------------------------------------------
INFO: [HLS 200-10] -- Generating RTL for module 'svmClassification_top' 
INFO: [HLS 200-10] ----------------------------------------------------------------
INFO: [RTGEN 206-500] Setting interface mode on port 'svmClassification_top/x_0' to 'ap_none'.
INFO: [RTGEN 206-500] Setting interface mode on port 'svmClassification_top/x_1' to 'ap_none'.
INFO: [RTGEN 206-500] Setting interface mode on port 'svmClassification_top/x_2' to 'ap_none'.
INFO: [RTGEN 206-500] Setting interface mode on port 'svmClassification_top/x_3' to 'ap_none'.
INFO: [RTGEN 206-500] Setting interface mode on port 'svmClassification_top/x_4' to 'ap_none'.
INFO: [RTGEN 206-500] Setting interface mode on port 'svmClassification_top/x_5' to 'ap_none'.
INFO: [RTGEN 206-500] Setting interface mode on port 'svmClassification_top/x_6' to 'ap_none'.
INFO: [RTGEN 206-500] Setting interface mode on port 'svmClassification_top/x_7' to 'ap_none'.
INFO: [RTGEN 206-500] Setting interface mode on port 'svmClassification_top/x_8' to 'ap_none'.
INFO: [RTGEN 206-500] Setting interface mode on port 'svmClassification_top/x_9' to 'ap_none'.
INFO: [RTGEN 206-500] Setting interface mode on port 'svmClassification_top/x_10' to 'ap_none'.
INFO: [RTGEN 206-500] Setting interface mode on port 'svmClassification_top/x_11' to 'ap_none'.
INFO: [RTGEN 206-500] Setting interface mode on port 'svmClassification_top/x_12' to 'ap_none'.
INFO: [RTGEN 206-500] Setting interface mode on port 'svmClassification_top/x_13' to 'ap_none'.
INFO: [RTGEN 206-500] Setting interface mode on port 'svmClassification_top/x_14' to 'ap_none'.
INFO: [RTGEN 206-500] Setting interface mode on port 'svmClassification_top/x_15' to 'ap_none'.
INFO: [RTGEN 206-500] Setting interface mode on port 'svmClassification_top/x_16' to 'ap_none'.
INFO: [RTGEN 206-500] Setting interface mode on port 'svmClassification_top/x_17' to 'ap_none'.
INFO: [RTGEN 206-500] Setting interface mode on port 'svmClassification_top/coefficients' to 'ap_memory'.
INFO: [RTGEN 206-500] Setting interface mode on port 'svmClassification_top/support_vectors' to 'ap_memory'.
INFO: [RTGEN 206-500] Setting interface mode on function 'svmClassification_top' to 'ap_ctrl_hs'.
INFO: [SYN 201-210] Renamed object name 'svmClassification_top_empty' to 'svmClassificationhbi' due to the length limit 20
INFO: [SYN 201-210] Renamed object name 'svmClassification_top_empty_11' to 'svmClassificationibs' due to the length limit 20
INFO: [SYN 201-210] Renamed object name 'svmClassification_top_empty_12' to 'svmClassificationjbC' due to the length limit 20
INFO: [SYN 201-210] Renamed object name 'svmClassification_top_empty_13' to 'svmClassificationkbM' due to the length limit 20
INFO: [SYN 201-210] Renamed object name 'svmClassification_top_empty_14' to 'svmClassificationlbW' due to the length limit 20
INFO: [SYN 201-210] Renamed object name 'svmClassification_top_empty_15' to 'svmClassificationmb6' due to the length limit 20
INFO: [SYN 201-210] Renamed object name 'svmClassification_top_empty_16' to 'svmClassificationncg' due to the length limit 20
INFO: [SYN 201-210] Renamed object name 'svmClassification_top_p_0' to 'svmClassificationocq' due to the length limit 20
INFO: [SYN 201-210] Renamed object name 'svmClassification_top_p_1' to 'svmClassificationpcA' due to the length limit 20
INFO: [SYN 201-210] Renamed object name 'svmClassification_top_p_2' to 'svmClassificationqcK' due to the length limit 20
INFO: [SYN 201-210] Renamed object name 'svmClassification_top_p_3' to 'svmClassificationrcU' due to the length limit 20
INFO: [SYN 201-210] Renamed object name 'svmClassification_top_p_4' to 'svmClassificationsc4' due to the length limit 20
INFO: [SYN 201-210] Renamed object name 'svmClassification_top_p_5' to 'svmClassificationtde' due to the length limit 20
INFO: [SYN 201-210] Renamed object name 'svmClassification_top_p_6' to 'svmClassificationudo' due to the length limit 20
INFO: [SYN 201-210] Renamed object name 'svmClassification_top_p_7' to 'svmClassificationvdy' due to the length limit 20
INFO: [SYN 201-210] Renamed object name 'svmClassification_top_p_8' to 'svmClassificationwdI' due to the length limit 20
INFO: [SYN 201-210] Renamed object name 'svmClassification_top_p_9' to 'svmClassificationxdS' due to the length limit 20
INFO: [SYN 201-210] Renamed object name 'svmClassification_top_p_10' to 'svmClassificationyd2' due to the length limit 20
INFO: [SYN 201-210] Renamed object name 'svmClassification_top_p_11' to 'svmClassificationzec' due to the length limit 20
INFO: [SYN 201-210] Renamed object name 'svmClassification_top_p_12' to 'svmClassificationAem' due to the length limit 20
INFO: [SYN 201-210] Renamed object name 'svmClassification_top_p_13' to 'svmClassificationBew' due to the length limit 20
INFO: [SYN 201-210] Renamed object name 'svmClassification_top_p_14' to 'svmClassificationCeG' due to the length limit 20
INFO: [SYN 201-210] Renamed object name 'svmClassification_top_p_15' to 'svmClassificationDeQ' due to the length limit 20
INFO: [SYN 201-210] Renamed object name 'svmClassification_top_p_16' to 'svmClassificationEe0' due to the length limit 20
INFO: [SYN 201-210] Renamed object name 'svmClassification_top_p_17' to 'svmClassificationFfa' due to the length limit 20
INFO: [SYN 201-210] Renamed object name 'svmClassification_top_p_030' to 'svmClassificationGfk' due to the length limit 20
INFO: [SYN 201-210] Renamed object name 'svmClassification_top_p_131' to 'svmClassificationHfu' due to the length limit 20
INFO: [SYN 201-210] Renamed object name 'svmClassification_top_p_232' to 'svmClassificationIfE' due to the length limit 20
INFO: [SYN 201-210] Renamed object name 'svmClassification_top_p_333' to 'svmClassificationJfO' due to the length limit 20
INFO: [SYN 201-210] Renamed object name 'svmClassification_top_p_434' to 'svmClassificationKfY' due to the length limit 20
INFO: [SYN 201-210] Renamed object name 'svmClassification_top_p_535' to 'svmClassificationLf8' due to the length limit 20
INFO: [SYN 201-210] Renamed object name 'svmClassification_top_p_636' to 'svmClassificationMgi' due to the length limit 20
INFO: [SYN 201-210] Renamed object name 'svmClassification_top_p_737' to 'svmClassificationNgs' due to the length limit 20
INFO: [SYN 201-210] Renamed object name 'svmClassification_top_p_838' to 'svmClassificationOgC' due to the length limit 20
INFO: [SYN 201-210] Renamed object name 'svmClassification_top_p_939' to 'svmClassificationPgM' due to the length limit 20
INFO: [SYN 201-210] Renamed object name 'svmClassification_top_p_1040' to 'svmClassificationQgW' due to the length limit 20
INFO: [SYN 201-210] Renamed object name 'svmClassification_top_p_1141' to 'svmClassificationRg6' due to the length limit 20
INFO: [SYN 201-210] Renamed object name 'svmClassification_top_p_1242' to 'svmClassificationShg' due to the length limit 20
INFO: [SYN 201-210] Renamed object name 'svmClassification_top_p_1343' to 'svmClassificationThq' due to the length limit 20
INFO: [SYN 201-210] Renamed object name 'svmClassification_top_p_1444' to 'svmClassificationUhA' due to the length limit 20
INFO: [SYN 201-210] Renamed object name 'svmClassification_top_p_1545' to 'svmClassificationVhK' due to the length limit 20
INFO: [SYN 201-210] Renamed object name 'svmClassification_top_p_1646' to 'svmClassificationWhU' due to the length limit 20
INFO: [SYN 201-210] Renamed object name 'svmClassification_top_p_1747' to 'svmClassificationXh4' due to the length limit 20
INFO: [SYN 201-210] Renamed object name 'svmClassification_top_p_069' to 'svmClassificationYie' due to the length limit 20
INFO: [SYN 201-210] Renamed object name 'svmClassification_top_p_170' to 'svmClassificationZio' due to the length limit 20
INFO: [SYN 201-210] Renamed object name 'svmClassification_top_p_271' to 'svmClassification0iy' due to the length limit 20
INFO: [SYN 201-210] Renamed object name 'svmClassification_top_p_372' to 'svmClassification1iI' due to the length limit 20
INFO: [SYN 201-210] Renamed object name 'svmClassification_top_p_473' to 'svmClassification2iS' due to the length limit 20
INFO: [SYN 201-210] Renamed object name 'svmClassification_top_p_574' to 'svmClassification3i2' due to the length limit 20
INFO: [SYN 201-210] Renamed object name 'svmClassification_top_p_675' to 'svmClassification4jc' due to the length limit 20
INFO: [SYN 201-210] Renamed object name 'svmClassification_top_p_776' to 'svmClassification5jm' due to the length limit 20
INFO: [SYN 201-210] Renamed object name 'svmClassification_top_p_877' to 'svmClassification6jw' due to the length limit 20
INFO: [SYN 201-210] Renamed object name 'svmClassification_top_p_978' to 'svmClassification7jG' due to the length limit 20
INFO: [SYN 201-210] Renamed object name 'svmClassification_top_p_1079' to 'svmClassification8jQ' due to the length limit 20
INFO: [SYN 201-210] Renamed object name 'svmClassification_top_p_1180' to 'svmClassification9j0' due to the length limit 20
INFO: [SYN 201-210] Renamed object name 'svmClassification_top_p_1281' to 'svmClassificationbak' due to the length limit 20
INFO: [SYN 201-210] Renamed object name 'svmClassification_top_p_1382' to 'svmClassificationbbk' due to the length limit 20
INFO: [SYN 201-210] Renamed object name 'svmClassification_top_p_1483' to 'svmClassificationbck' due to the length limit 20
INFO: [SYN 201-210] Renamed object name 'svmClassification_top_p_1584' to 'svmClassificationbdk' due to the length limit 20
INFO: [SYN 201-210] Renamed object name 'svmClassification_top_p_1685' to 'svmClassificationbek' due to the length limit 20
INFO: [SYN 201-210] Renamed object name 'svmClassification_top_p_1786' to 'svmClassificationbfk' due to the length limit 20
INFO: [SYN 201-210] Renamed object name 'svmClassification_top_p_0108' to 'svmClassificationbgk' due to the length limit 20
INFO: [SYN 201-210] Renamed object name 'svmClassification_top_p_1109' to 'svmClassificationbhl' due to the length limit 20
INFO: [SYN 201-210] Renamed object name 'svmClassification_top_p_2110' to 'svmClassificationbil' due to the length limit 20
INFO: [SYN 201-210] Renamed object name 'svmClassification_top_p_3111' to 'svmClassificationbjl' due to the length limit 20
INFO: [SYN 201-210] Renamed object name 'svmClassification_top_p_4112' to 'svmClassificationbkl' due to the length limit 20
INFO: [SYN 201-210] Renamed object name 'svmClassification_top_p_5113' to 'svmClassificationbll' due to the length limit 20
INFO: [SYN 201-210] Renamed object name 'svmClassification_top_p_6114' to 'svmClassificationbml' due to the length limit 20
INFO: [SYN 201-210] Renamed object name 'svmClassification_top_p_7115' to 'svmClassificationbnm' due to the length limit 20
INFO: [SYN 201-210] Renamed object name 'svmClassification_top_p_8116' to 'svmClassificationbom' due to the length limit 20
INFO: [SYN 201-210] Renamed object name 'svmClassification_top_p_9117' to 'svmClassificationbpm' due to the length limit 20
INFO: [SYN 201-210] Renamed object name 'svmClassification_top_p_10118' to 'svmClassificationbqm' due to the length limit 20
INFO: [SYN 201-210] Renamed object name 'svmClassification_top_p_11119' to 'svmClassificationbrm' due to the length limit 20
INFO: [SYN 201-210] Renamed object name 'svmClassification_top_p_12120' to 'svmClassificationbsm' due to the length limit 20
INFO: [SYN 201-210] Renamed object name 'svmClassification_top_p_13121' to 'svmClassificationbtn' due to the length limit 20
INFO: [SYN 201-210] Renamed object name 'svmClassification_top_p_14122' to 'svmClassificationbun' due to the length limit 20
INFO: [SYN 201-210] Renamed object name 'svmClassification_top_p_15123' to 'svmClassificationbvn' due to the length limit 20
INFO: [SYN 201-210] Renamed object name 'svmClassification_top_p_16124' to 'svmClassificationbwn' due to the length limit 20
INFO: [SYN 201-210] Renamed object name 'svmClassification_top_p_17125' to 'svmClassificationbxn' due to the length limit 20
INFO: [SYN 201-210] Renamed object name 'svmClassification_top_p_0147' to 'svmClassificationbyn' due to the length limit 20
INFO: [SYN 201-210] Renamed object name 'svmClassification_top_p_1148' to 'svmClassificationbzo' due to the length limit 20
INFO: [SYN 201-210] Renamed object name 'svmClassification_top_p_2149' to 'svmClassificationbAo' due to the length limit 20
INFO: [SYN 201-210] Renamed object name 'svmClassification_top_p_3150' to 'svmClassificationbBo' due to the length limit 20
INFO: [SYN 201-210] Renamed object name 'svmClassification_top_p_4151' to 'svmClassificationbCo' due to the length limit 20
INFO: [SYN 201-210] Renamed object name 'svmClassification_top_p_5152' to 'svmClassificationbDo' due to the length limit 20
INFO: [SYN 201-210] Renamed object name 'svmClassification_top_p_6153' to 'svmClassificationbEo' due to the length limit 20
INFO: [SYN 201-210] Renamed object name 'svmClassification_top_p_7154' to 'svmClassificationbFp' due to the length limit 20
INFO: [SYN 201-210] Renamed object name 'svmClassification_top_p_8155' to 'svmClassificationbGp' due to the length limit 20
INFO: [SYN 201-210] Renamed object name 'svmClassification_top_p_9156' to 'svmClassificationbHp' due to the length limit 20
INFO: [SYN 201-210] Renamed object name 'svmClassification_top_p_10157' to 'svmClassificationbIp' due to the length limit 20
INFO: [SYN 201-210] Renamed object name 'svmClassification_top_p_11158' to 'svmClassificationbJp' due to the length limit 20
INFO: [SYN 201-210] Renamed object name 'svmClassification_top_p_12159' to 'svmClassificationbKp' due to the length limit 20
INFO: [SYN 201-210] Renamed object name 'svmClassification_top_p_13160' to 'svmClassificationbLp' due to the length limit 20
INFO: [SYN 201-210] Renamed object name 'svmClassification_top_p_14161' to 'svmClassificationbMq' due to the length limit 20
INFO: [SYN 201-210] Renamed object name 'svmClassification_top_p_15162' to 'svmClassificationbNq' due to the length limit 20
INFO: [SYN 201-210] Renamed object name 'svmClassification_top_p_16163' to 'svmClassificationbOq' due to the length limit 20
INFO: [SYN 201-210] Renamed object name 'svmClassification_top_p_17164' to 'svmClassificationbPq' due to the length limit 20
INFO: [SYN 201-210] Renamed object name 'svmClassification_top_p_0186' to 'svmClassificationbQq' due to the length limit 20
INFO: [SYN 201-210] Renamed object name 'svmClassification_top_p_1187' to 'svmClassificationbRq' due to the length limit 20
INFO: [SYN 201-210] Renamed object name 'svmClassification_top_p_2188' to 'svmClassificationbSr' due to the length limit 20
INFO: [SYN 201-210] Renamed object name 'svmClassification_top_p_3189' to 'svmClassificationbTr' due to the length limit 20
INFO: [SYN 201-210] Renamed object name 'svmClassification_top_p_4190' to 'svmClassificationbUr' due to the length limit 20
INFO: [SYN 201-210] Renamed object name 'svmClassification_top_p_5191' to 'svmClassificationbVr' due to the length limit 20
INFO: [SYN 201-210] Renamed object name 'svmClassification_top_p_6192' to 'svmClassificationbWr' due to the length limit 20
INFO: [SYN 201-210] Renamed object name 'svmClassification_top_p_7193' to 'svmClassificationbXr' due to the length limit 20
INFO: [SYN 201-210] Renamed object name 'svmClassification_top_p_8194' to 'svmClassificationbYs' due to the length limit 20
INFO: [SYN 201-210] Renamed object name 'svmClassification_top_p_9195' to 'svmClassificationbZs' due to the length limit 20
INFO: [SYN 201-210] Renamed object name 'svmClassification_top_p_10196' to 'svmClassificationb0s' due to the length limit 20
INFO: [SYN 201-210] Renamed object name 'svmClassification_top_p_11197' to 'svmClassificationb1s' due to the length limit 20
INFO: [SYN 201-210] Renamed object name 'svmClassification_top_p_12198' to 'svmClassificationb2s' due to the length limit 20
INFO: [SYN 201-210] Renamed object name 'svmClassification_top_p_13199' to 'svmClassificationb3s' due to the length limit 20
INFO: [SYN 201-210] Renamed object name 'svmClassification_top_p_14200' to 'svmClassificationb4t' due to the length limit 20
INFO: [SYN 201-210] Renamed object name 'svmClassification_top_p_15201' to 'svmClassificationb5t' due to the length limit 20
INFO: [SYN 201-210] Renamed object name 'svmClassification_top_p_16202' to 'svmClassificationb6t' due to the length limit 20
INFO: [SYN 201-210] Renamed object name 'svmClassification_top_p_17203' to 'svmClassificationb7t' due to the length limit 20
INFO: [SYN 201-210] Renamed object name 'svmClassification_top_p_0225' to 'svmClassificationb8t' due to the length limit 20
INFO: [SYN 201-210] Renamed object name 'svmClassification_top_p_1226' to 'svmClassificationb9t' due to the length limit 20
INFO: [SYN 201-210] Renamed object name 'svmClassification_top_p_2227' to 'svmClassificationcau' due to the length limit 20
INFO: [SYN 201-210] Renamed object name 'svmClassification_top_p_3228' to 'svmClassificationcbu' due to the length limit 20
INFO: [SYN 201-210] Renamed object name 'svmClassification_top_p_4229' to 'svmClassificationccu' due to the length limit 20
INFO: [SYN 201-210] Renamed object name 'svmClassification_top_p_5230' to 'svmClassificationcdu' due to the length limit 20
INFO: [SYN 201-210] Renamed object name 'svmClassification_top_p_6231' to 'svmClassificationceu' due to the length limit 20
INFO: [SYN 201-210] Renamed object name 'svmClassification_top_p_7232' to 'svmClassificationcfu' due to the length limit 20
INFO: [SYN 201-210] Renamed object name 'svmClassification_top_p_8233' to 'svmClassificationcgu' due to the length limit 20
INFO: [SYN 201-210] Renamed object name 'svmClassification_top_p_9234' to 'svmClassificationchv' due to the length limit 20
INFO: [SYN 201-210] Renamed object name 'svmClassification_top_p_10235' to 'svmClassificationciv' due to the length limit 20
INFO: [SYN 201-210] Renamed object name 'svmClassification_top_p_11236' to 'svmClassificationcjv' due to the length limit 20
INFO: [SYN 201-210] Renamed object name 'svmClassification_top_p_12237' to 'svmClassificationckv' due to the length limit 20
INFO: [SYN 201-210] Renamed object name 'svmClassification_top_p_13238' to 'svmClassificationclv' due to the length limit 20
INFO: [SYN 201-210] Renamed object name 'svmClassification_top_p_14239' to 'svmClassificationcmv' due to the length limit 20
INFO: [SYN 201-210] Renamed object name 'svmClassification_top_p_15240' to 'svmClassificationcnw' due to the length limit 20
INFO: [SYN 201-210] Renamed object name 'svmClassification_top_p_16241' to 'svmClassificationcow' due to the length limit 20
INFO: [SYN 201-210] Renamed object name 'svmClassification_top_p_17242' to 'svmClassificationcpw' due to the length limit 20
INFO: [SYN 201-210] Renamed object name 'start_for_svmClassification_to_1_U0' to 'start_for_svmClascqw' due to the length limit 20
INFO: [RTGEN 206-100] Finished creating RTL model for 'svmClassification_top'.
INFO: [HLS 200-111]  Elapsed time: 7.797 seconds; current allocated memory: 328.617 MB.
INFO: [RTMG 210-278] Implementing memory 'svmClassificationhbi_memcore_ram (RAM)' using block RAMs.
INFO: [RTMG 210-285] Implementing FIFO 'x_0_c1_U(fifo_w64_d2_A)' using Shift Registers.
INFO: [RTMG 210-285] Implementing FIFO 'x_1_c2_U(fifo_w64_d2_A)' using Shift Registers.
INFO: [RTMG 210-285] Implementing FIFO 'x_2_c3_U(fifo_w64_d2_A)' using Shift Registers.
INFO: [RTMG 210-285] Implementing FIFO 'x_3_c4_U(fifo_w64_d2_A)' using Shift Registers.
INFO: [RTMG 210-285] Implementing FIFO 'x_4_c5_U(fifo_w64_d2_A)' using Shift Registers.
INFO: [RTMG 210-285] Implementing FIFO 'x_5_c6_U(fifo_w64_d2_A)' using Shift Registers.
INFO: [RTMG 210-285] Implementing FIFO 'x_6_c7_U(fifo_w64_d2_A)' using Shift Registers.
INFO: [RTMG 210-285] Implementing FIFO 'x_7_c8_U(fifo_w64_d2_A)' using Shift Registers.
INFO: [RTMG 210-285] Implementing FIFO 'x_8_c9_U(fifo_w64_d2_A)' using Shift Registers.
INFO: [RTMG 210-285] Implementing FIFO 'x_9_c10_U(fifo_w64_d2_A)' using Shift Registers.
INFO: [RTMG 210-285] Implementing FIFO 'x_10_c11_U(fifo_w64_d2_A)' using Shift Registers.
INFO: [RTMG 210-285] Implementing FIFO 'x_11_c12_U(fifo_w64_d2_A)' using Shift Registers.
INFO: [RTMG 210-285] Implementing FIFO 'x_12_c13_U(fifo_w64_d2_A)' using Shift Registers.
INFO: [RTMG 210-285] Implementing FIFO 'x_13_c14_U(fifo_w64_d2_A)' using Shift Registers.
INFO: [RTMG 210-285] Implementing FIFO 'x_14_c15_U(fifo_w64_d2_A)' using Shift Registers.
INFO: [RTMG 210-285] Implementing FIFO 'x_15_c16_U(fifo_w64_d2_A)' using Shift Registers.
INFO: [RTMG 210-285] Implementing FIFO 'x_16_c17_U(fifo_w64_d2_A)' using Shift Registers.
INFO: [RTMG 210-285] Implementing FIFO 'x_17_c18_U(fifo_w64_d2_A)' using Shift Registers.
INFO: [RTMG 210-285] Implementing FIFO 'x_0_c_U(fifo_w64_d3_A)' using Shift Registers.
INFO: [RTMG 210-285] Implementing FIFO 'x_0_c278_U(fifo_w64_d3_A)' using Shift Registers.
INFO: [RTMG 210-285] Implementing FIFO 'x_0_c279_U(fifo_w64_d3_A)' using Shift Registers.
INFO: [RTMG 210-285] Implementing FIFO 'x_0_c280_U(fifo_w64_d3_A)' using Shift Registers.
INFO: [RTMG 210-285] Implementing FIFO 'x_0_c281_U(fifo_w64_d3_A)' using Shift Registers.
INFO: [RTMG 210-285] Implementing FIFO 'x_0_c282_U(fifo_w64_d3_A)' using Shift Registers.
INFO: [RTMG 210-285] Implementing FIFO 'x_0_c283_U(fifo_w64_d3_A)' using Shift Registers.
INFO: [RTMG 210-285] Implementing FIFO 'x_1_c_U(fifo_w64_d3_A)' using Shift Registers.
INFO: [RTMG 210-285] Implementing FIFO 'x_1_c284_U(fifo_w64_d3_A)' using Shift Registers.
INFO: [RTMG 210-285] Implementing FIFO 'x_1_c285_U(fifo_w64_d3_A)' using Shift Registers.
INFO: [RTMG 210-285] Implementing FIFO 'x_1_c286_U(fifo_w64_d3_A)' using Shift Registers.
INFO: [RTMG 210-285] Implementing FIFO 'x_1_c287_U(fifo_w64_d3_A)' using Shift Registers.
INFO: [RTMG 210-285] Implementing FIFO 'x_1_c288_U(fifo_w64_d3_A)' using Shift Registers.
INFO: [RTMG 210-285] Implementing FIFO 'x_1_c289_U(fifo_w64_d3_A)' using Shift Registers.
INFO: [RTMG 210-285] Implementing FIFO 'x_2_c_U(fifo_w64_d3_A)' using Shift Registers.
INFO: [RTMG 210-285] Implementing FIFO 'x_2_c290_U(fifo_w64_d3_A)' using Shift Registers.
INFO: [RTMG 210-285] Implementing FIFO 'x_2_c291_U(fifo_w64_d3_A)' using Shift Registers.
INFO: [RTMG 210-285] Implementing FIFO 'x_2_c292_U(fifo_w64_d3_A)' using Shift Registers.
INFO: [RTMG 210-285] Implementing FIFO 'x_2_c293_U(fifo_w64_d3_A)' using Shift Registers.
INFO: [RTMG 210-285] Implementing FIFO 'x_2_c294_U(fifo_w64_d3_A)' using Shift Registers.
INFO: [RTMG 210-285] Implementing FIFO 'x_2_c295_U(fifo_w64_d3_A)' using Shift Registers.
INFO: [RTMG 210-285] Implementing FIFO 'x_3_c_U(fifo_w64_d3_A)' using Shift Registers.
INFO: [RTMG 210-285] Implementing FIFO 'x_3_c296_U(fifo_w64_d3_A)' using Shift Registers.
INFO: [RTMG 210-285] Implementing FIFO 'x_3_c297_U(fifo_w64_d3_A)' using Shift Registers.
INFO: [RTMG 210-285] Implementing FIFO 'x_3_c298_U(fifo_w64_d3_A)' using Shift Registers.
INFO: [RTMG 210-285] Implementing FIFO 'x_3_c299_U(fifo_w64_d3_A)' using Shift Registers.
INFO: [RTMG 210-285] Implementing FIFO 'x_3_c300_U(fifo_w64_d3_A)' using Shift Registers.
INFO: [RTMG 210-285] Implementing FIFO 'x_3_c301_U(fifo_w64_d3_A)' using Shift Registers.
INFO: [RTMG 210-285] Implementing FIFO 'x_4_c_U(fifo_w64_d3_A)' using Shift Registers.
INFO: [RTMG 210-285] Implementing FIFO 'x_4_c302_U(fifo_w64_d3_A)' using Shift Registers.
INFO: [RTMG 210-285] Implementing FIFO 'x_4_c303_U(fifo_w64_d3_A)' using Shift Registers.
INFO: [RTMG 210-285] Implementing FIFO 'x_4_c304_U(fifo_w64_d3_A)' using Shift Registers.
INFO: [RTMG 210-285] Implementing FIFO 'x_4_c305_U(fifo_w64_d3_A)' using Shift Registers.
INFO: [RTMG 210-285] Implementing FIFO 'x_4_c306_U(fifo_w64_d3_A)' using Shift Registers.
INFO: [RTMG 210-285] Implementing FIFO 'x_4_c307_U(fifo_w64_d3_A)' using Shift Registers.
INFO: [RTMG 210-285] Implementing FIFO 'x_5_c_U(fifo_w64_d3_A)' using Shift Registers.
INFO: [RTMG 210-285] Implementing FIFO 'x_5_c308_U(fifo_w64_d3_A)' using Shift Registers.
INFO: [RTMG 210-285] Implementing FIFO 'x_5_c309_U(fifo_w64_d3_A)' using Shift Registers.
INFO: [RTMG 210-285] Implementing FIFO 'x_5_c310_U(fifo_w64_d3_A)' using Shift Registers.
INFO: [RTMG 210-285] Implementing FIFO 'x_5_c311_U(fifo_w64_d3_A)' using Shift Registers.
INFO: [RTMG 210-285] Implementing FIFO 'x_5_c312_U(fifo_w64_d3_A)' using Shift Registers.
INFO: [RTMG 210-285] Implementing FIFO 'x_5_c313_U(fifo_w64_d3_A)' using Shift Registers.
INFO: [RTMG 210-285] Implementing FIFO 'x_6_c_U(fifo_w64_d3_A)' using Shift Registers.
INFO: [RTMG 210-285] Implementing FIFO 'x_6_c314_U(fifo_w64_d3_A)' using Shift Registers.
INFO: [RTMG 210-285] Implementing FIFO 'x_6_c315_U(fifo_w64_d3_A)' using Shift Registers.
INFO: [RTMG 210-285] Implementing FIFO 'x_6_c316_U(fifo_w64_d3_A)' using Shift Registers.
INFO: [RTMG 210-285] Implementing FIFO 'x_6_c317_U(fifo_w64_d3_A)' using Shift Registers.
INFO: [RTMG 210-285] Implementing FIFO 'x_6_c318_U(fifo_w64_d3_A)' using Shift Registers.
INFO: [RTMG 210-285] Implementing FIFO 'x_6_c319_U(fifo_w64_d3_A)' using Shift Registers.
INFO: [RTMG 210-285] Implementing FIFO 'x_7_c_U(fifo_w64_d3_A)' using Shift Registers.
INFO: [RTMG 210-285] Implementing FIFO 'x_7_c320_U(fifo_w64_d3_A)' using Shift Registers.
INFO: [RTMG 210-285] Implementing FIFO 'x_7_c321_U(fifo_w64_d3_A)' using Shift Registers.
INFO: [RTMG 210-285] Implementing FIFO 'x_7_c322_U(fifo_w64_d3_A)' using Shift Registers.
INFO: [RTMG 210-285] Implementing FIFO 'x_7_c323_U(fifo_w64_d3_A)' using Shift Registers.
INFO: [RTMG 210-285] Implementing FIFO 'x_7_c324_U(fifo_w64_d3_A)' using Shift Registers.
INFO: [RTMG 210-285] Implementing FIFO 'x_7_c325_U(fifo_w64_d3_A)' using Shift Registers.
INFO: [RTMG 210-285] Implementing FIFO 'x_8_c_U(fifo_w64_d3_A)' using Shift Registers.
INFO: [RTMG 210-285] Implementing FIFO 'x_8_c326_U(fifo_w64_d3_A)' using Shift Registers.
INFO: [RTMG 210-285] Implementing FIFO 'x_8_c327_U(fifo_w64_d3_A)' using Shift Registers.
INFO: [RTMG 210-285] Implementing FIFO 'x_8_c328_U(fifo_w64_d3_A)' using Shift Registers.
INFO: [RTMG 210-285] Implementing FIFO 'x_8_c329_U(fifo_w64_d3_A)' using Shift Registers.
INFO: [RTMG 210-285] Implementing FIFO 'x_8_c330_U(fifo_w64_d3_A)' using Shift Registers.
INFO: [RTMG 210-285] Implementing FIFO 'x_8_c331_U(fifo_w64_d3_A)' using Shift Registers.
INFO: [RTMG 210-285] Implementing FIFO 'x_9_c_U(fifo_w64_d3_A)' using Shift Registers.
INFO: [RTMG 210-285] Implementing FIFO 'x_9_c332_U(fifo_w64_d3_A)' using Shift Registers.
INFO: [RTMG 210-285] Implementing FIFO 'x_9_c333_U(fifo_w64_d3_A)' using Shift Registers.
INFO: [RTMG 210-285] Implementing FIFO 'x_9_c334_U(fifo_w64_d3_A)' using Shift Registers.
INFO: [RTMG 210-285] Implementing FIFO 'x_9_c335_U(fifo_w64_d3_A)' using Shift Registers.
INFO: [RTMG 210-285] Implementing FIFO 'x_9_c336_U(fifo_w64_d3_A)' using Shift Registers.
INFO: [RTMG 210-285] Implementing FIFO 'x_9_c337_U(fifo_w64_d3_A)' using Shift Registers.
INFO: [RTMG 210-285] Implementing FIFO 'x_10_c_U(fifo_w64_d3_A)' using Shift Registers.
INFO: [RTMG 210-285] Implementing FIFO 'x_10_c338_U(fifo_w64_d3_A)' using Shift Registers.
INFO: [RTMG 210-285] Implementing FIFO 'x_10_c339_U(fifo_w64_d3_A)' using Shift Registers.
INFO: [RTMG 210-285] Implementing FIFO 'x_10_c340_U(fifo_w64_d3_A)' using Shift Registers.
INFO: [RTMG 210-285] Implementing FIFO 'x_10_c341_U(fifo_w64_d3_A)' using Shift Registers.
INFO: [RTMG 210-285] Implementing FIFO 'x_10_c342_U(fifo_w64_d3_A)' using Shift Registers.
INFO: [RTMG 210-285] Implementing FIFO 'x_10_c343_U(fifo_w64_d3_A)' using Shift Registers.
INFO: [RTMG 210-285] Implementing FIFO 'x_11_c_U(fifo_w64_d3_A)' using Shift Registers.
INFO: [RTMG 210-285] Implementing FIFO 'x_11_c344_U(fifo_w64_d3_A)' using Shift Registers.
INFO: [RTMG 210-285] Implementing FIFO 'x_11_c345_U(fifo_w64_d3_A)' using Shift Registers.
INFO: [RTMG 210-285] Implementing FIFO 'x_11_c346_U(fifo_w64_d3_A)' using Shift Registers.
INFO: [RTMG 210-285] Implementing FIFO 'x_11_c347_U(fifo_w64_d3_A)' using Shift Registers.
INFO: [RTMG 210-285] Implementing FIFO 'x_11_c348_U(fifo_w64_d3_A)' using Shift Registers.
INFO: [RTMG 210-285] Implementing FIFO 'x_11_c349_U(fifo_w64_d3_A)' using Shift Registers.
INFO: [RTMG 210-285] Implementing FIFO 'x_12_c_U(fifo_w64_d3_A)' using Shift Registers.
INFO: [RTMG 210-285] Implementing FIFO 'x_12_c350_U(fifo_w64_d3_A)' using Shift Registers.
INFO: [RTMG 210-285] Implementing FIFO 'x_12_c351_U(fifo_w64_d3_A)' using Shift Registers.
INFO: [RTMG 210-285] Implementing FIFO 'x_12_c352_U(fifo_w64_d3_A)' using Shift Registers.
INFO: [RTMG 210-285] Implementing FIFO 'x_12_c353_U(fifo_w64_d3_A)' using Shift Registers.
INFO: [RTMG 210-285] Implementing FIFO 'x_12_c354_U(fifo_w64_d3_A)' using Shift Registers.
INFO: [RTMG 210-285] Implementing FIFO 'x_12_c355_U(fifo_w64_d3_A)' using Shift Registers.
INFO: [RTMG 210-285] Implementing FIFO 'x_13_c_U(fifo_w64_d3_A)' using Shift Registers.
INFO: [RTMG 210-285] Implementing FIFO 'x_13_c356_U(fifo_w64_d3_A)' using Shift Registers.
INFO: [RTMG 210-285] Implementing FIFO 'x_13_c357_U(fifo_w64_d3_A)' using Shift Registers.
INFO: [RTMG 210-285] Implementing FIFO 'x_13_c358_U(fifo_w64_d3_A)' using Shift Registers.
INFO: [RTMG 210-285] Implementing FIFO 'x_13_c359_U(fifo_w64_d3_A)' using Shift Registers.
INFO: [RTMG 210-285] Implementing FIFO 'x_13_c360_U(fifo_w64_d3_A)' using Shift Registers.
INFO: [RTMG 210-285] Implementing FIFO 'x_13_c361_U(fifo_w64_d3_A)' using Shift Registers.
INFO: [RTMG 210-285] Implementing FIFO 'x_14_c_U(fifo_w64_d3_A)' using Shift Registers.
INFO: [RTMG 210-285] Implementing FIFO 'x_14_c362_U(fifo_w64_d3_A)' using Shift Registers.
INFO: [RTMG 210-285] Implementing FIFO 'x_14_c363_U(fifo_w64_d3_A)' using Shift Registers.
INFO: [RTMG 210-285] Implementing FIFO 'x_14_c364_U(fifo_w64_d3_A)' using Shift Registers.
INFO: [RTMG 210-285] Implementing FIFO 'x_14_c365_U(fifo_w64_d3_A)' using Shift Registers.
INFO: [RTMG 210-285] Implementing FIFO 'x_14_c366_U(fifo_w64_d3_A)' using Shift Registers.
INFO: [RTMG 210-285] Implementing FIFO 'x_14_c367_U(fifo_w64_d3_A)' using Shift Registers.
INFO: [RTMG 210-285] Implementing FIFO 'x_15_c_U(fifo_w64_d3_A)' using Shift Registers.
INFO: [RTMG 210-285] Implementing FIFO 'x_15_c368_U(fifo_w64_d3_A)' using Shift Registers.
INFO: [RTMG 210-285] Implementing FIFO 'x_15_c369_U(fifo_w64_d3_A)' using Shift Registers.
INFO: [RTMG 210-285] Implementing FIFO 'x_15_c370_U(fifo_w64_d3_A)' using Shift Registers.
INFO: [RTMG 210-285] Implementing FIFO 'x_15_c371_U(fifo_w64_d3_A)' using Shift Registers.
INFO: [RTMG 210-285] Implementing FIFO 'x_15_c372_U(fifo_w64_d3_A)' using Shift Registers.
INFO: [RTMG 210-285] Implementing FIFO 'x_15_c373_U(fifo_w64_d3_A)' using Shift Registers.
INFO: [RTMG 210-285] Implementing FIFO 'x_16_c_U(fifo_w64_d3_A)' using Shift Registers.
INFO: [RTMG 210-285] Implementing FIFO 'x_16_c374_U(fifo_w64_d3_A)' using Shift Registers.
INFO: [RTMG 210-285] Implementing FIFO 'x_16_c375_U(fifo_w64_d3_A)' using Shift Registers.
INFO: [RTMG 210-285] Implementing FIFO 'x_16_c376_U(fifo_w64_d3_A)' using Shift Registers.
INFO: [RTMG 210-285] Implementing FIFO 'x_16_c377_U(fifo_w64_d3_A)' using Shift Registers.
INFO: [RTMG 210-285] Implementing FIFO 'x_16_c378_U(fifo_w64_d3_A)' using Shift Registers.
INFO: [RTMG 210-285] Implementing FIFO 'x_16_c379_U(fifo_w64_d3_A)' using Shift Registers.
INFO: [RTMG 210-285] Implementing FIFO 'x_17_c_U(fifo_w64_d3_A)' using Shift Registers.
INFO: [RTMG 210-285] Implementing FIFO 'x_17_c380_U(fifo_w64_d3_A)' using Shift Registers.
INFO: [RTMG 210-285] Implementing FIFO 'x_17_c381_U(fifo_w64_d3_A)' using Shift Registers.
INFO: [RTMG 210-285] Implementing FIFO 'x_17_c382_U(fifo_w64_d3_A)' using Shift Registers.
INFO: [RTMG 210-285] Implementing FIFO 'x_17_c383_U(fifo_w64_d3_A)' using Shift Registers.
INFO: [RTMG 210-285] Implementing FIFO 'x_17_c384_U(fifo_w64_d3_A)' using Shift Registers.
INFO: [RTMG 210-285] Implementing FIFO 'x_17_c385_U(fifo_w64_d3_A)' using Shift Registers.
INFO: [RTMG 210-285] Implementing FIFO 'p_channel_U(fifo_w64_d2_A)' using Shift Registers.
INFO: [RTMG 210-285] Implementing FIFO 'p_channel389_U(fifo_w64_d2_A)' using Shift Registers.
INFO: [RTMG 210-285] Implementing FIFO 'tmp_28_loc_channel_U(fifo_w64_d2_A)' using Shift Registers.
INFO: [RTMG 210-285] Implementing FIFO 'p_c_U(fifo_w64_d3_A)' using Shift Registers.
INFO: [RTMG 210-285] Implementing FIFO 'tmp_29_loc_channel_U(fifo_w64_d2_A)' using Shift Registers.
INFO: [RTMG 210-285] Implementing FIFO 'p_c386_U(fifo_w64_d4_A)' using Shift Registers.
INFO: [RTMG 210-285] Implementing FIFO 'tmp_30_loc_channel_U(fifo_w64_d2_A)' using Shift Registers.
INFO: [RTMG 210-285] Implementing FIFO 'p_c387_U(fifo_w64_d5_A)' using Shift Registers.
INFO: [RTMG 210-285] Implementing FIFO 'tmp_31_loc_channel_U(fifo_w64_d2_A)' using Shift Registers.
INFO: [RTMG 210-285] Implementing FIFO 'p_c388_U(fifo_w64_d6_A)' using Shift Registers.
INFO: [RTMG 210-285] Implementing FIFO 'tmp_32_loc_channel_U(fifo_w64_d2_A)' using Shift Registers.
INFO: [RTMG 210-285] Implementing FIFO 'sum7_c_U(fifo_w64_d7_A)' using Shift Registers.
INFO: [RTMG 210-285] Implementing FIFO 'output_1_cast_loc_ch_U(fifo_w2_d2_A)' using Shift Registers.
INFO: [RTMG 210-285] Implementing FIFO 'start_for_svmClascqw_U(start_for_svmClascqw)' using Shift Registers.
INFO: [HLS 200-111] Finished generating all RTL models Time (s): cpu = 00:00:46 ; elapsed = 00:00:57 . Memory (MB): peak = 438.957 ; gain = 383.105
INFO: [SYSC 207-301] Generating SystemC RTL for svmClassification_top.
INFO: [VHDL 208-304] Generating VHDL RTL for svmClassification_top.
INFO: [VLOG 209-307] Generating Verilog RTL for svmClassification_top.
INFO: [HLS 200-112] Total elapsed time: 57.575 seconds; peak allocated memory: 328.617 MB.
